2019-03-28 19:43:31.900 INFO : Trainer.py : Line 316 :                train() : model parameters are: 
2019-03-28 19:43:31.900 INFO : Trainer.py : Line 317 :                train() : augment_training     True
batch_size             45
epochs                100
model_type           UNet
train_faction           1
train_fraction        0.6
with_fake           False
Name: 9, dtype: object
2019-03-28 19:43:31.906 INFO : Trainer.py : Line 252 :      build_filenames() : model json file is ../TrainOutput/2019-03-27-15-51/UNet_06_False_True/model_json_UNet_06_False_True.json
2019-03-28 19:43:31.906 INFO : Trainer.py : Line 254 :      build_filenames() : model weights file is ../TrainOutput/2019-03-27-15-51/UNet_06_False_True/UNet_06_False_True
2019-03-28 19:43:31.906 INFO : Trainer.py : Line 256 :      build_filenames() : training history file is ../TrainOutput/2019-03-27-15-51/UNet_06_False_True/training_history_UNet_06_False_True.csv
2019-03-28 19:43:31.906 INFO : Trainer.py : Line 324 :                train() : model parameters number 9 of RangeIndex(start=0, stop=70, step=1)
2019-03-28 19:43:32.496 INFO : Trainer.py : Line 414 :                train() : model has been built successfully
2019-03-28 19:43:38.603 INFO : Trainer.py : Line 445 :                train() : training started
2019-03-28 19:43:38.609 INFO : Trainer.py : Line 282 :   save_model_to_json() : model saved successfully to ../TrainOutput/2019-03-27-15-51/UNet_06_False_True/model_json_UNet_06_False_True.json
2019-03-28 19:46:14.264 INFO : Trainer.py : Line 69 :         on_epoch_end() : Epoch 0 - loss: -0.19696 - dice: 0.19696 - val_loss: -0.35193 - val_dice: 0.35193.
2019-03-28 19:47:53.037 INFO : Trainer.py : Line 69 :         on_epoch_end() : Epoch 1 - loss: -0.43219 - dice: 0.43219 - val_loss: -0.46014 - val_dice: 0.46014.
2019-03-28 19:49:16.960 INFO : Trainer.py : Line 69 :         on_epoch_end() : Epoch 2 - loss: -0.45226 - dice: 0.45226 - val_loss: -0.45079 - val_dice: 0.45079.
2019-03-28 19:50:56.714 INFO : Trainer.py : Line 69 :         on_epoch_end() : Epoch 3 - loss: -0.49668 - dice: 0.49668 - val_loss: -0.49623 - val_dice: 0.49623.
2019-03-28 19:52:48.966 INFO : Trainer.py : Line 69 :         on_epoch_end() : Epoch 4 - loss: -0.51659 - dice: 0.51659 - val_loss: -0.51627 - val_dice: 0.51627.
2019-03-28 19:54:21.562 INFO : Trainer.py : Line 69 :         on_epoch_end() : Epoch 5 - loss: -0.53922 - dice: 0.53922 - val_loss: -0.56106 - val_dice: 0.56106.
2019-03-28 19:55:59.625 INFO : Trainer.py : Line 69 :         on_epoch_end() : Epoch 6 - loss: -0.55714 - dice: 0.55714 - val_loss: -0.54497 - val_dice: 0.54497.
2019-03-28 19:57:21.838 INFO : Trainer.py : Line 69 :         on_epoch_end() : Epoch 7 - loss: -0.58366 - dice: 0.58366 - val_loss: -0.54709 - val_dice: 0.54709.
2019-03-28 19:59:12.581 INFO : Trainer.py : Line 69 :         on_epoch_end() : Epoch 8 - loss: -0.59607 - dice: 0.59607 - val_loss: -0.52824 - val_dice: 0.52824.
2019-03-28 20:00:38.543 INFO : Trainer.py : Line 69 :         on_epoch_end() : Epoch 9 - loss: -0.60625 - dice: 0.60625 - val_loss: -0.48314 - val_dice: 0.48314.
2019-03-28 20:02:17.489 INFO : Trainer.py : Line 69 :         on_epoch_end() : Epoch 10 - loss: -0.63465 - dice: 0.63465 - val_loss: -0.43770 - val_dice: 0.43770.
2019-03-28 20:04:01.744 INFO : Trainer.py : Line 69 :         on_epoch_end() : Epoch 11 - loss: -0.61288 - dice: 0.61288 - val_loss: -0.42613 - val_dice: 0.42613.
2019-03-28 20:05:20.993 INFO : Trainer.py : Line 69 :         on_epoch_end() : Epoch 12 - loss: -0.62582 - dice: 0.62582 - val_loss: -0.51561 - val_dice: 0.51561.
2019-03-28 20:07:05.392 INFO : Trainer.py : Line 69 :         on_epoch_end() : Epoch 13 - loss: -0.66897 - dice: 0.66897 - val_loss: -0.47891 - val_dice: 0.47891.
2019-03-28 20:08:33.663 INFO : Trainer.py : Line 69 :         on_epoch_end() : Epoch 14 - loss: -0.67367 - dice: 0.67367 - val_loss: -0.50848 - val_dice: 0.50848.
2019-03-28 20:10:16.848 INFO : Trainer.py : Line 69 :         on_epoch_end() : Epoch 15 - loss: -0.69677 - dice: 0.69677 - val_loss: -0.46421 - val_dice: 0.46421.
2019-03-28 20:11:53.250 INFO : Trainer.py : Line 69 :         on_epoch_end() : Epoch 16 - loss: -0.70017 - dice: 0.70017 - val_loss: -0.40245 - val_dice: 0.40245.
2019-03-28 20:13:26.972 INFO : Trainer.py : Line 69 :         on_epoch_end() : Epoch 17 - loss: -0.67445 - dice: 0.67445 - val_loss: -0.51808 - val_dice: 0.51808.
2019-03-28 20:15:06.503 INFO : Trainer.py : Line 69 :         on_epoch_end() : Epoch 18 - loss: -0.69492 - dice: 0.69492 - val_loss: -0.44677 - val_dice: 0.44677.
2019-03-28 20:17:22.364 INFO : Trainer.py : Line 69 :         on_epoch_end() : Epoch 19 - loss: -0.72610 - dice: 0.72610 - val_loss: -0.42916 - val_dice: 0.42916.
2019-03-28 20:18:28.573 INFO : Trainer.py : Line 69 :         on_epoch_end() : Epoch 20 - loss: -0.71997 - dice: 0.71997 - val_loss: -0.36636 - val_dice: 0.36636.
2019-03-28 20:19:58.994 INFO : Trainer.py : Line 69 :         on_epoch_end() : Epoch 21 - loss: -0.73153 - dice: 0.73153 - val_loss: -0.52425 - val_dice: 0.52425.
2019-03-28 20:21:34.694 INFO : Trainer.py : Line 69 :         on_epoch_end() : Epoch 22 - loss: -0.73260 - dice: 0.73260 - val_loss: -0.45512 - val_dice: 0.45512.
2019-03-28 20:23:28.398 INFO : Trainer.py : Line 69 :         on_epoch_end() : Epoch 23 - loss: -0.75813 - dice: 0.75813 - val_loss: -0.47977 - val_dice: 0.47977.
2019-03-28 20:24:57.399 INFO : Trainer.py : Line 69 :         on_epoch_end() : Epoch 24 - loss: -0.75728 - dice: 0.75728 - val_loss: -0.53335 - val_dice: 0.53335.
2019-03-28 20:26:28.066 INFO : Trainer.py : Line 69 :         on_epoch_end() : Epoch 25 - loss: -0.76125 - dice: 0.76125 - val_loss: -0.47208 - val_dice: 0.47208.
2019-03-28 20:28:05.674 INFO : Trainer.py : Line 69 :         on_epoch_end() : Epoch 26 - loss: -0.76528 - dice: 0.76528 - val_loss: -0.42285 - val_dice: 0.42285.
2019-03-28 20:29:43.645 INFO : Trainer.py : Line 69 :         on_epoch_end() : Epoch 27 - loss: -0.77660 - dice: 0.77660 - val_loss: -0.49318 - val_dice: 0.49318.
2019-03-28 20:31:17.101 INFO : Trainer.py : Line 69 :         on_epoch_end() : Epoch 28 - loss: -0.78797 - dice: 0.78797 - val_loss: -0.46302 - val_dice: 0.46302.
2019-03-28 20:33:04.234 INFO : Trainer.py : Line 69 :         on_epoch_end() : Epoch 29 - loss: -0.78823 - dice: 0.78823 - val_loss: -0.51535 - val_dice: 0.51535.
2019-03-28 20:34:40.123 INFO : Trainer.py : Line 69 :         on_epoch_end() : Epoch 30 - loss: -0.78624 - dice: 0.78624 - val_loss: -0.52204 - val_dice: 0.52204.
2019-03-28 20:36:17.807 INFO : Trainer.py : Line 69 :         on_epoch_end() : Epoch 31 - loss: -0.78564 - dice: 0.78564 - val_loss: -0.43323 - val_dice: 0.43323.
2019-03-28 20:37:40.750 INFO : Trainer.py : Line 69 :         on_epoch_end() : Epoch 32 - loss: -0.80069 - dice: 0.80069 - val_loss: -0.52404 - val_dice: 0.52404.
2019-03-28 20:39:33.995 INFO : Trainer.py : Line 69 :         on_epoch_end() : Epoch 33 - loss: -0.79974 - dice: 0.79974 - val_loss: -0.51426 - val_dice: 0.51426.
2019-03-28 20:40:56.700 INFO : Trainer.py : Line 69 :         on_epoch_end() : Epoch 34 - loss: -0.80068 - dice: 0.80068 - val_loss: -0.49808 - val_dice: 0.49808.
2019-03-28 20:42:31.835 INFO : Trainer.py : Line 69 :         on_epoch_end() : Epoch 35 - loss: -0.80405 - dice: 0.80405 - val_loss: -0.53373 - val_dice: 0.53373.
2019-03-28 20:44:19.723 INFO : Trainer.py : Line 69 :         on_epoch_end() : Epoch 36 - loss: -0.81164 - dice: 0.81164 - val_loss: -0.52655 - val_dice: 0.52655.
2019-03-28 20:45:54.138 INFO : Trainer.py : Line 69 :         on_epoch_end() : Epoch 37 - loss: -0.81257 - dice: 0.81257 - val_loss: -0.47030 - val_dice: 0.47030.
2019-03-28 20:47:26.678 INFO : Trainer.py : Line 69 :         on_epoch_end() : Epoch 38 - loss: -0.81649 - dice: 0.81649 - val_loss: -0.52259 - val_dice: 0.52259.
2019-03-28 20:49:12.245 INFO : Trainer.py : Line 69 :         on_epoch_end() : Epoch 39 - loss: -0.81942 - dice: 0.81942 - val_loss: -0.49816 - val_dice: 0.49816.
2019-03-28 20:50:37.708 INFO : Trainer.py : Line 69 :         on_epoch_end() : Epoch 40 - loss: -0.81262 - dice: 0.81262 - val_loss: -0.57799 - val_dice: 0.57799.
2019-03-28 20:52:10.517 INFO : Trainer.py : Line 69 :         on_epoch_end() : Epoch 41 - loss: -0.82163 - dice: 0.82163 - val_loss: -0.48088 - val_dice: 0.48088.
2019-03-28 20:53:41.014 INFO : Trainer.py : Line 69 :         on_epoch_end() : Epoch 42 - loss: -0.82751 - dice: 0.82751 - val_loss: -0.50464 - val_dice: 0.50464.
2019-03-28 20:55:19.503 INFO : Trainer.py : Line 69 :         on_epoch_end() : Epoch 43 - loss: -0.82573 - dice: 0.82573 - val_loss: -0.49369 - val_dice: 0.49369.
2019-03-28 20:56:53.602 INFO : Trainer.py : Line 69 :         on_epoch_end() : Epoch 44 - loss: -0.83210 - dice: 0.83210 - val_loss: -0.51059 - val_dice: 0.51059.
2019-03-28 20:58:29.259 INFO : Trainer.py : Line 69 :         on_epoch_end() : Epoch 45 - loss: -0.83379 - dice: 0.83379 - val_loss: -0.46890 - val_dice: 0.46890.
2019-03-28 21:00:20.351 INFO : Trainer.py : Line 69 :         on_epoch_end() : Epoch 46 - loss: -0.83385 - dice: 0.83385 - val_loss: -0.45247 - val_dice: 0.45247.
2019-03-28 21:01:50.000 INFO : Trainer.py : Line 69 :         on_epoch_end() : Epoch 47 - loss: -0.82395 - dice: 0.82395 - val_loss: -0.53954 - val_dice: 0.53954.
2019-03-28 21:03:18.879 INFO : Trainer.py : Line 69 :         on_epoch_end() : Epoch 48 - loss: -0.83393 - dice: 0.83393 - val_loss: -0.54112 - val_dice: 0.54112.
2019-03-28 21:05:08.974 INFO : Trainer.py : Line 69 :         on_epoch_end() : Epoch 49 - loss: -0.83836 - dice: 0.83836 - val_loss: -0.43361 - val_dice: 0.43361.
2019-03-28 21:06:37.902 INFO : Trainer.py : Line 69 :         on_epoch_end() : Epoch 50 - loss: -0.84722 - dice: 0.84722 - val_loss: -0.52359 - val_dice: 0.52359.
2019-03-28 21:08:15.857 INFO : Trainer.py : Line 69 :         on_epoch_end() : Epoch 51 - loss: -0.84200 - dice: 0.84200 - val_loss: -0.47137 - val_dice: 0.47137.
2019-03-28 21:09:50.044 INFO : Trainer.py : Line 69 :         on_epoch_end() : Epoch 52 - loss: -0.84594 - dice: 0.84594 - val_loss: -0.47021 - val_dice: 0.47021.
2019-03-28 21:11:20.643 INFO : Trainer.py : Line 69 :         on_epoch_end() : Epoch 53 - loss: -0.84774 - dice: 0.84774 - val_loss: -0.49296 - val_dice: 0.49296.
2019-03-28 21:12:57.322 INFO : Trainer.py : Line 69 :         on_epoch_end() : Epoch 54 - loss: -0.85097 - dice: 0.85097 - val_loss: -0.52812 - val_dice: 0.52812.
2019-03-28 21:14:46.547 INFO : Trainer.py : Line 69 :         on_epoch_end() : Epoch 55 - loss: -0.84906 - dice: 0.84906 - val_loss: -0.49422 - val_dice: 0.49422.
2019-03-28 21:16:24.657 INFO : Trainer.py : Line 69 :         on_epoch_end() : Epoch 56 - loss: -0.85267 - dice: 0.85267 - val_loss: -0.48621 - val_dice: 0.48621.
2019-03-28 21:18:03.019 INFO : Trainer.py : Line 69 :         on_epoch_end() : Epoch 57 - loss: -0.85649 - dice: 0.85649 - val_loss: -0.54541 - val_dice: 0.54541.
2019-03-28 21:19:39.919 INFO : Trainer.py : Line 69 :         on_epoch_end() : Epoch 58 - loss: -0.85582 - dice: 0.85582 - val_loss: -0.49743 - val_dice: 0.49743.
2019-03-28 21:21:26.082 INFO : Trainer.py : Line 69 :         on_epoch_end() : Epoch 59 - loss: -0.85781 - dice: 0.85781 - val_loss: -0.42161 - val_dice: 0.42161.
2019-03-28 21:22:50.753 INFO : Trainer.py : Line 69 :         on_epoch_end() : Epoch 60 - loss: -0.85566 - dice: 0.85566 - val_loss: -0.49876 - val_dice: 0.49876.
2019-03-28 21:24:29.537 INFO : Trainer.py : Line 69 :         on_epoch_end() : Epoch 61 - loss: -0.85598 - dice: 0.85598 - val_loss: -0.56044 - val_dice: 0.56044.
2019-03-28 21:26:00.398 INFO : Trainer.py : Line 69 :         on_epoch_end() : Epoch 62 - loss: -0.85847 - dice: 0.85847 - val_loss: -0.53415 - val_dice: 0.53415.
2019-03-28 21:27:30.359 INFO : Trainer.py : Line 69 :         on_epoch_end() : Epoch 63 - loss: -0.85601 - dice: 0.85601 - val_loss: -0.49067 - val_dice: 0.49067.
2019-03-28 21:29:17.699 INFO : Trainer.py : Line 69 :         on_epoch_end() : Epoch 64 - loss: -0.86227 - dice: 0.86227 - val_loss: -0.54116 - val_dice: 0.54116.
2019-03-28 21:30:54.795 INFO : Trainer.py : Line 69 :         on_epoch_end() : Epoch 65 - loss: -0.86020 - dice: 0.86020 - val_loss: -0.53667 - val_dice: 0.53667.
2019-03-28 21:32:18.925 INFO : Trainer.py : Line 69 :         on_epoch_end() : Epoch 66 - loss: -0.87049 - dice: 0.87049 - val_loss: -0.51241 - val_dice: 0.51241.
2019-03-28 21:33:53.941 INFO : Trainer.py : Line 69 :         on_epoch_end() : Epoch 67 - loss: -0.86749 - dice: 0.86749 - val_loss: -0.50515 - val_dice: 0.50515.
2019-03-28 21:35:38.397 INFO : Trainer.py : Line 69 :         on_epoch_end() : Epoch 68 - loss: -0.86607 - dice: 0.86607 - val_loss: -0.48809 - val_dice: 0.48809.
2019-03-28 21:37:04.676 INFO : Trainer.py : Line 69 :         on_epoch_end() : Epoch 69 - loss: -0.87147 - dice: 0.87147 - val_loss: -0.54568 - val_dice: 0.54568.
2019-03-28 21:38:41.264 INFO : Trainer.py : Line 69 :         on_epoch_end() : Epoch 70 - loss: -0.87240 - dice: 0.87240 - val_loss: -0.48233 - val_dice: 0.48233.
2019-03-28 21:40:12.881 INFO : Trainer.py : Line 69 :         on_epoch_end() : Epoch 71 - loss: -0.86992 - dice: 0.86992 - val_loss: -0.52218 - val_dice: 0.52218.
2019-03-28 21:41:53.515 INFO : Trainer.py : Line 69 :         on_epoch_end() : Epoch 72 - loss: -0.86461 - dice: 0.86461 - val_loss: -0.45051 - val_dice: 0.45051.
2019-03-28 21:43:26.823 INFO : Trainer.py : Line 69 :         on_epoch_end() : Epoch 73 - loss: -0.85600 - dice: 0.85600 - val_loss: -0.45690 - val_dice: 0.45690.
2019-03-28 21:45:20.187 INFO : Trainer.py : Line 69 :         on_epoch_end() : Epoch 74 - loss: -0.87382 - dice: 0.87382 - val_loss: -0.48758 - val_dice: 0.48758.
2019-03-28 21:46:44.947 INFO : Trainer.py : Line 69 :         on_epoch_end() : Epoch 75 - loss: -0.87913 - dice: 0.87913 - val_loss: -0.43685 - val_dice: 0.43685.
2019-03-28 21:48:11.739 INFO : Trainer.py : Line 69 :         on_epoch_end() : Epoch 76 - loss: -0.87216 - dice: 0.87216 - val_loss: -0.50794 - val_dice: 0.50794.
2019-03-28 21:50:07.821 INFO : Trainer.py : Line 69 :         on_epoch_end() : Epoch 77 - loss: -0.87345 - dice: 0.87345 - val_loss: -0.49171 - val_dice: 0.49171.
2019-03-28 21:51:25.885 INFO : Trainer.py : Line 69 :         on_epoch_end() : Epoch 78 - loss: -0.87879 - dice: 0.87879 - val_loss: -0.50617 - val_dice: 0.50617.
2019-03-28 21:53:29.519 INFO : Trainer.py : Line 69 :         on_epoch_end() : Epoch 79 - loss: -0.87665 - dice: 0.87665 - val_loss: -0.45608 - val_dice: 0.45608.
2019-03-28 21:54:49.184 INFO : Trainer.py : Line 69 :         on_epoch_end() : Epoch 80 - loss: -0.88379 - dice: 0.88379 - val_loss: -0.49671 - val_dice: 0.49671.
2019-03-28 21:56:27.526 INFO : Trainer.py : Line 69 :         on_epoch_end() : Epoch 81 - loss: -0.88135 - dice: 0.88135 - val_loss: -0.47750 - val_dice: 0.47750.
2019-03-28 21:58:08.438 INFO : Trainer.py : Line 69 :         on_epoch_end() : Epoch 82 - loss: -0.88034 - dice: 0.88034 - val_loss: -0.49064 - val_dice: 0.49064.
2019-03-28 21:59:50.064 INFO : Trainer.py : Line 69 :         on_epoch_end() : Epoch 83 - loss: -0.87608 - dice: 0.87608 - val_loss: -0.51660 - val_dice: 0.51660.
2019-03-28 22:01:16.137 INFO : Trainer.py : Line 69 :         on_epoch_end() : Epoch 84 - loss: -0.88010 - dice: 0.88010 - val_loss: -0.51865 - val_dice: 0.51865.
2019-03-28 22:02:59.965 INFO : Trainer.py : Line 69 :         on_epoch_end() : Epoch 85 - loss: -0.88440 - dice: 0.88440 - val_loss: -0.46519 - val_dice: 0.46519.
2019-03-28 22:04:34.474 INFO : Trainer.py : Line 69 :         on_epoch_end() : Epoch 86 - loss: -0.88459 - dice: 0.88459 - val_loss: -0.49462 - val_dice: 0.49462.
2019-03-28 22:06:12.274 INFO : Trainer.py : Line 69 :         on_epoch_end() : Epoch 87 - loss: -0.88045 - dice: 0.88045 - val_loss: -0.51239 - val_dice: 0.51239.
2019-03-28 22:07:39.877 INFO : Trainer.py : Line 69 :         on_epoch_end() : Epoch 88 - loss: -0.89095 - dice: 0.89095 - val_loss: -0.51501 - val_dice: 0.51501.
2019-03-28 22:09:19.778 INFO : Trainer.py : Line 69 :         on_epoch_end() : Epoch 89 - loss: -0.89180 - dice: 0.89180 - val_loss: -0.44769 - val_dice: 0.44769.
2019-03-28 22:10:52.981 INFO : Trainer.py : Line 69 :         on_epoch_end() : Epoch 90 - loss: -0.88965 - dice: 0.88965 - val_loss: -0.53388 - val_dice: 0.53388.
2019-03-28 22:12:30.412 INFO : Trainer.py : Line 69 :         on_epoch_end() : Epoch 91 - loss: -0.88884 - dice: 0.88884 - val_loss: -0.53873 - val_dice: 0.53873.
2019-03-28 22:14:18.569 INFO : Trainer.py : Line 69 :         on_epoch_end() : Epoch 92 - loss: -0.89047 - dice: 0.89047 - val_loss: -0.49299 - val_dice: 0.49299.
2019-03-28 22:15:47.525 INFO : Trainer.py : Line 69 :         on_epoch_end() : Epoch 93 - loss: -0.89052 - dice: 0.89052 - val_loss: -0.46624 - val_dice: 0.46624.
2019-03-28 22:17:19.817 INFO : Trainer.py : Line 69 :         on_epoch_end() : Epoch 94 - loss: -0.89340 - dice: 0.89340 - val_loss: -0.50176 - val_dice: 0.50176.
2019-03-28 22:18:55.158 INFO : Trainer.py : Line 69 :         on_epoch_end() : Epoch 95 - loss: -0.89166 - dice: 0.89166 - val_loss: -0.50705 - val_dice: 0.50705.
2019-03-28 22:20:30.156 INFO : Trainer.py : Line 69 :         on_epoch_end() : Epoch 96 - loss: -0.89256 - dice: 0.89256 - val_loss: -0.52368 - val_dice: 0.52368.
2019-03-28 22:22:08.538 INFO : Trainer.py : Line 69 :         on_epoch_end() : Epoch 97 - loss: -0.89271 - dice: 0.89271 - val_loss: -0.48040 - val_dice: 0.48040.
2019-03-28 22:23:49.604 INFO : Trainer.py : Line 69 :         on_epoch_end() : Epoch 98 - loss: -0.89441 - dice: 0.89441 - val_loss: -0.51567 - val_dice: 0.51567.
2019-03-28 22:25:15.861 INFO : Trainer.py : Line 69 :         on_epoch_end() : Epoch 99 - loss: -0.89576 - dice: 0.89576 - val_loss: -0.55311 - val_dice: 0.55311.
2019-03-28 22:25:39.604 INFO : Trainer.py : Line 468 :                train() : training completed for this set of parameters.
2019-03-28 22:25:39.763 INFO : Trainer.py : Line 267 : save_training_history() : history was saved successfully to ../TrainOutput/2019-03-27-15-51/UNet_06_False_True/training_history_UNet_06_False_True.csv
2019-03-28 22:25:39.765 INFO : Trainer.py : Line 473 :                train() : ../TrainOutput/2019-03-27-15-51/UNet_06_False_True/model_json_UNet_06_False_True.json is successfully saved.
2019-03-28 22:25:39.765 INFO : Trainer.py : Line 475 :                train() : ../TrainOutput/2019-03-27-15-51/UNet_06_False_True/training_history_UNet_06_False_True.csv is successfully saved.
