2019-03-29 03:08:01.149 INFO : Trainer.py : Line 316 :                train() : model parameters are: 
2019-03-29 03:08:01.149 INFO : Trainer.py : Line 317 :                train() : augment_training     True
batch_size             45
epochs                100
model_type           UNet
train_faction           1
train_fraction        0.3
with_fake           False
Name: 12, dtype: object
2019-03-29 03:08:01.152 INFO : Trainer.py : Line 252 :      build_filenames() : model json file is ../TrainOutput/2019-03-27-15-51/UNet_03_False_True/model_json_UNet_03_False_True.json
2019-03-29 03:08:01.152 INFO : Trainer.py : Line 254 :      build_filenames() : model weights file is ../TrainOutput/2019-03-27-15-51/UNet_03_False_True/UNet_03_False_True
2019-03-29 03:08:01.152 INFO : Trainer.py : Line 256 :      build_filenames() : training history file is ../TrainOutput/2019-03-27-15-51/UNet_03_False_True/training_history_UNet_03_False_True.csv
2019-03-29 03:08:01.152 INFO : Trainer.py : Line 324 :                train() : model parameters number 12 of RangeIndex(start=0, stop=70, step=1)
2019-03-29 03:08:01.711 INFO : Trainer.py : Line 414 :                train() : model has been built successfully
2019-03-29 03:08:08.059 INFO : Trainer.py : Line 445 :                train() : training started
2019-03-29 03:08:08.068 INFO : Trainer.py : Line 282 :   save_model_to_json() : model saved successfully to ../TrainOutput/2019-03-27-15-51/UNet_03_False_True/model_json_UNet_03_False_True.json
2019-03-29 03:10:00.942 INFO : Trainer.py : Line 69 :         on_epoch_end() : Epoch 0 - loss: -0.10302 - dice: 0.10302 - val_loss: -0.24231 - val_dice: 0.24231.
2019-03-29 03:10:58.093 INFO : Trainer.py : Line 69 :         on_epoch_end() : Epoch 1 - loss: -0.38068 - dice: 0.38068 - val_loss: -0.39606 - val_dice: 0.39606.
2019-03-29 03:11:56.666 INFO : Trainer.py : Line 69 :         on_epoch_end() : Epoch 2 - loss: -0.48484 - dice: 0.48484 - val_loss: -0.39786 - val_dice: 0.39786.
2019-03-29 03:13:00.748 INFO : Trainer.py : Line 69 :         on_epoch_end() : Epoch 3 - loss: -0.48197 - dice: 0.48197 - val_loss: -0.42617 - val_dice: 0.42617.
2019-03-29 03:13:53.727 INFO : Trainer.py : Line 69 :         on_epoch_end() : Epoch 4 - loss: -0.51977 - dice: 0.51977 - val_loss: -0.46187 - val_dice: 0.46187.
2019-03-29 03:14:56.894 INFO : Trainer.py : Line 69 :         on_epoch_end() : Epoch 5 - loss: -0.54026 - dice: 0.54026 - val_loss: -0.41177 - val_dice: 0.41177.
2019-03-29 03:16:01.726 INFO : Trainer.py : Line 69 :         on_epoch_end() : Epoch 6 - loss: -0.55498 - dice: 0.55498 - val_loss: -0.51583 - val_dice: 0.51583.
2019-03-29 03:16:54.252 INFO : Trainer.py : Line 69 :         on_epoch_end() : Epoch 7 - loss: -0.57159 - dice: 0.57159 - val_loss: -0.52861 - val_dice: 0.52861.
2019-03-29 03:18:00.768 INFO : Trainer.py : Line 69 :         on_epoch_end() : Epoch 8 - loss: -0.58590 - dice: 0.58590 - val_loss: -0.50170 - val_dice: 0.50170.
2019-03-29 03:18:57.852 INFO : Trainer.py : Line 69 :         on_epoch_end() : Epoch 9 - loss: -0.60278 - dice: 0.60278 - val_loss: -0.53005 - val_dice: 0.53005.
2019-03-29 03:20:00.263 INFO : Trainer.py : Line 69 :         on_epoch_end() : Epoch 10 - loss: -0.62384 - dice: 0.62384 - val_loss: -0.47421 - val_dice: 0.47421.
2019-03-29 03:21:02.607 INFO : Trainer.py : Line 69 :         on_epoch_end() : Epoch 11 - loss: -0.62822 - dice: 0.62822 - val_loss: -0.46643 - val_dice: 0.46643.
2019-03-29 03:21:52.789 INFO : Trainer.py : Line 69 :         on_epoch_end() : Epoch 12 - loss: -0.64101 - dice: 0.64101 - val_loss: -0.49017 - val_dice: 0.49017.
2019-03-29 03:22:53.348 INFO : Trainer.py : Line 69 :         on_epoch_end() : Epoch 13 - loss: -0.65423 - dice: 0.65423 - val_loss: -0.46898 - val_dice: 0.46898.
2019-03-29 03:23:52.772 INFO : Trainer.py : Line 69 :         on_epoch_end() : Epoch 14 - loss: -0.67089 - dice: 0.67089 - val_loss: -0.46102 - val_dice: 0.46102.
2019-03-29 03:24:49.984 INFO : Trainer.py : Line 69 :         on_epoch_end() : Epoch 15 - loss: -0.67131 - dice: 0.67131 - val_loss: -0.47953 - val_dice: 0.47953.
2019-03-29 03:25:50.992 INFO : Trainer.py : Line 69 :         on_epoch_end() : Epoch 16 - loss: -0.69999 - dice: 0.69999 - val_loss: -0.46670 - val_dice: 0.46670.
2019-03-29 03:26:49.735 INFO : Trainer.py : Line 69 :         on_epoch_end() : Epoch 17 - loss: -0.69347 - dice: 0.69347 - val_loss: -0.42112 - val_dice: 0.42112.
2019-03-29 03:27:43.151 INFO : Trainer.py : Line 69 :         on_epoch_end() : Epoch 18 - loss: -0.70257 - dice: 0.70257 - val_loss: -0.45383 - val_dice: 0.45383.
2019-03-29 03:29:30.445 INFO : Trainer.py : Line 69 :         on_epoch_end() : Epoch 19 - loss: -0.69370 - dice: 0.69370 - val_loss: -0.37609 - val_dice: 0.37609.
2019-03-29 03:30:15.809 INFO : Trainer.py : Line 69 :         on_epoch_end() : Epoch 20 - loss: -0.72869 - dice: 0.72869 - val_loss: -0.35773 - val_dice: 0.35773.
2019-03-29 03:31:13.789 INFO : Trainer.py : Line 69 :         on_epoch_end() : Epoch 21 - loss: -0.74394 - dice: 0.74394 - val_loss: -0.43767 - val_dice: 0.43767.
2019-03-29 03:32:09.840 INFO : Trainer.py : Line 69 :         on_epoch_end() : Epoch 22 - loss: -0.75054 - dice: 0.75054 - val_loss: -0.47110 - val_dice: 0.47110.
2019-03-29 03:33:14.609 INFO : Trainer.py : Line 69 :         on_epoch_end() : Epoch 23 - loss: -0.76056 - dice: 0.76056 - val_loss: -0.36353 - val_dice: 0.36353.
2019-03-29 03:34:11.442 INFO : Trainer.py : Line 69 :         on_epoch_end() : Epoch 24 - loss: -0.75922 - dice: 0.75922 - val_loss: -0.40612 - val_dice: 0.40612.
2019-03-29 03:35:10.287 INFO : Trainer.py : Line 69 :         on_epoch_end() : Epoch 25 - loss: -0.76190 - dice: 0.76190 - val_loss: -0.38603 - val_dice: 0.38603.
2019-03-29 03:36:06.023 INFO : Trainer.py : Line 69 :         on_epoch_end() : Epoch 26 - loss: -0.78283 - dice: 0.78283 - val_loss: -0.42356 - val_dice: 0.42356.
2019-03-29 03:37:11.394 INFO : Trainer.py : Line 69 :         on_epoch_end() : Epoch 27 - loss: -0.77401 - dice: 0.77401 - val_loss: -0.47612 - val_dice: 0.47612.
2019-03-29 03:38:06.435 INFO : Trainer.py : Line 69 :         on_epoch_end() : Epoch 28 - loss: -0.76728 - dice: 0.76728 - val_loss: -0.37132 - val_dice: 0.37132.
2019-03-29 03:39:02.032 INFO : Trainer.py : Line 69 :         on_epoch_end() : Epoch 29 - loss: -0.78562 - dice: 0.78562 - val_loss: -0.49527 - val_dice: 0.49527.
2019-03-29 03:39:56.368 INFO : Trainer.py : Line 69 :         on_epoch_end() : Epoch 30 - loss: -0.74598 - dice: 0.74598 - val_loss: -0.38128 - val_dice: 0.38128.
2019-03-29 03:41:06.816 INFO : Trainer.py : Line 69 :         on_epoch_end() : Epoch 31 - loss: -0.77446 - dice: 0.77446 - val_loss: -0.40144 - val_dice: 0.40144.
2019-03-29 03:42:13.097 INFO : Trainer.py : Line 69 :         on_epoch_end() : Epoch 32 - loss: -0.79436 - dice: 0.79436 - val_loss: -0.47261 - val_dice: 0.47261.
2019-03-29 03:43:06.757 INFO : Trainer.py : Line 69 :         on_epoch_end() : Epoch 33 - loss: -0.79768 - dice: 0.79768 - val_loss: -0.41681 - val_dice: 0.41681.
2019-03-29 03:44:12.367 INFO : Trainer.py : Line 69 :         on_epoch_end() : Epoch 34 - loss: -0.79344 - dice: 0.79344 - val_loss: -0.34995 - val_dice: 0.34995.
2019-03-29 03:45:14.723 INFO : Trainer.py : Line 69 :         on_epoch_end() : Epoch 35 - loss: -0.81075 - dice: 0.81075 - val_loss: -0.37701 - val_dice: 0.37701.
2019-03-29 03:46:17.017 INFO : Trainer.py : Line 69 :         on_epoch_end() : Epoch 36 - loss: -0.81120 - dice: 0.81120 - val_loss: -0.39162 - val_dice: 0.39162.
2019-03-29 03:47:07.100 INFO : Trainer.py : Line 69 :         on_epoch_end() : Epoch 37 - loss: -0.82364 - dice: 0.82364 - val_loss: -0.42809 - val_dice: 0.42809.
2019-03-29 03:47:59.097 INFO : Trainer.py : Line 69 :         on_epoch_end() : Epoch 38 - loss: -0.81857 - dice: 0.81857 - val_loss: -0.36374 - val_dice: 0.36374.
2019-03-29 03:49:18.077 INFO : Trainer.py : Line 69 :         on_epoch_end() : Epoch 39 - loss: -0.82012 - dice: 0.82012 - val_loss: -0.34010 - val_dice: 0.34010.
2019-03-29 03:49:59.248 INFO : Trainer.py : Line 69 :         on_epoch_end() : Epoch 40 - loss: -0.82873 - dice: 0.82873 - val_loss: -0.39710 - val_dice: 0.39710.
2019-03-29 03:50:55.936 INFO : Trainer.py : Line 69 :         on_epoch_end() : Epoch 41 - loss: -0.82595 - dice: 0.82595 - val_loss: -0.39138 - val_dice: 0.39138.
2019-03-29 03:51:53.813 INFO : Trainer.py : Line 69 :         on_epoch_end() : Epoch 42 - loss: -0.83495 - dice: 0.83495 - val_loss: -0.37381 - val_dice: 0.37381.
2019-03-29 03:52:57.402 INFO : Trainer.py : Line 69 :         on_epoch_end() : Epoch 43 - loss: -0.83347 - dice: 0.83347 - val_loss: -0.45768 - val_dice: 0.45768.
2019-03-29 03:53:54.666 INFO : Trainer.py : Line 69 :         on_epoch_end() : Epoch 44 - loss: -0.83272 - dice: 0.83272 - val_loss: -0.46653 - val_dice: 0.46653.
2019-03-29 03:54:57.534 INFO : Trainer.py : Line 69 :         on_epoch_end() : Epoch 45 - loss: -0.82088 - dice: 0.82088 - val_loss: -0.46184 - val_dice: 0.46184.
2019-03-29 03:55:47.990 INFO : Trainer.py : Line 69 :         on_epoch_end() : Epoch 46 - loss: -0.83511 - dice: 0.83511 - val_loss: -0.38720 - val_dice: 0.38720.
2019-03-29 03:56:50.492 INFO : Trainer.py : Line 69 :         on_epoch_end() : Epoch 47 - loss: -0.84798 - dice: 0.84798 - val_loss: -0.49120 - val_dice: 0.49120.
2019-03-29 03:58:01.713 INFO : Trainer.py : Line 69 :         on_epoch_end() : Epoch 48 - loss: -0.84495 - dice: 0.84495 - val_loss: -0.45435 - val_dice: 0.45435.
2019-03-29 03:58:50.200 INFO : Trainer.py : Line 69 :         on_epoch_end() : Epoch 49 - loss: -0.84966 - dice: 0.84966 - val_loss: -0.40820 - val_dice: 0.40820.
2019-03-29 03:59:52.517 INFO : Trainer.py : Line 69 :         on_epoch_end() : Epoch 50 - loss: -0.84387 - dice: 0.84387 - val_loss: -0.39565 - val_dice: 0.39565.
2019-03-29 04:01:02.701 INFO : Trainer.py : Line 69 :         on_epoch_end() : Epoch 51 - loss: -0.85007 - dice: 0.85007 - val_loss: -0.45534 - val_dice: 0.45534.
2019-03-29 04:01:57.849 INFO : Trainer.py : Line 69 :         on_epoch_end() : Epoch 52 - loss: -0.85160 - dice: 0.85160 - val_loss: -0.35709 - val_dice: 0.35709.
2019-03-29 04:02:49.519 INFO : Trainer.py : Line 69 :         on_epoch_end() : Epoch 53 - loss: -0.84932 - dice: 0.84932 - val_loss: -0.44687 - val_dice: 0.44687.
2019-03-29 04:03:53.978 INFO : Trainer.py : Line 69 :         on_epoch_end() : Epoch 54 - loss: -0.85320 - dice: 0.85320 - val_loss: -0.40145 - val_dice: 0.40145.
2019-03-29 04:05:03.773 INFO : Trainer.py : Line 69 :         on_epoch_end() : Epoch 55 - loss: -0.84830 - dice: 0.84830 - val_loss: -0.41269 - val_dice: 0.41269.
2019-03-29 04:05:54.059 INFO : Trainer.py : Line 69 :         on_epoch_end() : Epoch 56 - loss: -0.86462 - dice: 0.86462 - val_loss: -0.42361 - val_dice: 0.42361.
2019-03-29 04:06:47.893 INFO : Trainer.py : Line 69 :         on_epoch_end() : Epoch 57 - loss: -0.86338 - dice: 0.86338 - val_loss: -0.38221 - val_dice: 0.38221.
2019-03-29 04:07:52.629 INFO : Trainer.py : Line 69 :         on_epoch_end() : Epoch 58 - loss: -0.86490 - dice: 0.86490 - val_loss: -0.41085 - val_dice: 0.41085.
2019-03-29 04:09:09.008 INFO : Trainer.py : Line 69 :         on_epoch_end() : Epoch 59 - loss: -0.86886 - dice: 0.86886 - val_loss: -0.41355 - val_dice: 0.41355.
2019-03-29 04:09:52.388 INFO : Trainer.py : Line 69 :         on_epoch_end() : Epoch 60 - loss: -0.86819 - dice: 0.86819 - val_loss: -0.38726 - val_dice: 0.38726.
2019-03-29 04:10:46.794 INFO : Trainer.py : Line 69 :         on_epoch_end() : Epoch 61 - loss: -0.86590 - dice: 0.86590 - val_loss: -0.46040 - val_dice: 0.46040.
2019-03-29 04:11:53.200 INFO : Trainer.py : Line 69 :         on_epoch_end() : Epoch 62 - loss: -0.86697 - dice: 0.86697 - val_loss: -0.43680 - val_dice: 0.43680.
2019-03-29 04:12:49.234 INFO : Trainer.py : Line 69 :         on_epoch_end() : Epoch 63 - loss: -0.86826 - dice: 0.86826 - val_loss: -0.42636 - val_dice: 0.42636.
2019-03-29 04:13:44.741 INFO : Trainer.py : Line 69 :         on_epoch_end() : Epoch 64 - loss: -0.87101 - dice: 0.87101 - val_loss: -0.46549 - val_dice: 0.46549.
2019-03-29 04:14:45.915 INFO : Trainer.py : Line 69 :         on_epoch_end() : Epoch 65 - loss: -0.86855 - dice: 0.86855 - val_loss: -0.44654 - val_dice: 0.44654.
2019-03-29 04:15:48.007 INFO : Trainer.py : Line 69 :         on_epoch_end() : Epoch 66 - loss: -0.86784 - dice: 0.86784 - val_loss: -0.44458 - val_dice: 0.44458.
2019-03-29 04:16:57.308 INFO : Trainer.py : Line 69 :         on_epoch_end() : Epoch 67 - loss: -0.87318 - dice: 0.87318 - val_loss: -0.46374 - val_dice: 0.46374.
2019-03-29 04:17:49.488 INFO : Trainer.py : Line 69 :         on_epoch_end() : Epoch 68 - loss: -0.86829 - dice: 0.86829 - val_loss: -0.45547 - val_dice: 0.45547.
2019-03-29 04:18:47.230 INFO : Trainer.py : Line 69 :         on_epoch_end() : Epoch 69 - loss: -0.86669 - dice: 0.86669 - val_loss: -0.37921 - val_dice: 0.37921.
2019-03-29 04:19:51.230 INFO : Trainer.py : Line 69 :         on_epoch_end() : Epoch 70 - loss: -0.85751 - dice: 0.85751 - val_loss: -0.47399 - val_dice: 0.47399.
2019-03-29 04:20:43.580 INFO : Trainer.py : Line 69 :         on_epoch_end() : Epoch 71 - loss: -0.87085 - dice: 0.87085 - val_loss: -0.43900 - val_dice: 0.43900.
2019-03-29 04:21:54.586 INFO : Trainer.py : Line 69 :         on_epoch_end() : Epoch 72 - loss: -0.87578 - dice: 0.87578 - val_loss: -0.40072 - val_dice: 0.40072.
2019-03-29 04:22:42.793 INFO : Trainer.py : Line 69 :         on_epoch_end() : Epoch 73 - loss: -0.88592 - dice: 0.88592 - val_loss: -0.45521 - val_dice: 0.45521.
2019-03-29 04:23:44.680 INFO : Trainer.py : Line 69 :         on_epoch_end() : Epoch 74 - loss: -0.88158 - dice: 0.88158 - val_loss: -0.46792 - val_dice: 0.46792.
2019-03-29 04:24:31.655 INFO : Trainer.py : Line 69 :         on_epoch_end() : Epoch 75 - loss: -0.88342 - dice: 0.88342 - val_loss: -0.43678 - val_dice: 0.43678.
2019-03-29 04:25:31.688 INFO : Trainer.py : Line 69 :         on_epoch_end() : Epoch 76 - loss: -0.87877 - dice: 0.87877 - val_loss: -0.41941 - val_dice: 0.41941.
2019-03-29 04:26:37.467 INFO : Trainer.py : Line 69 :         on_epoch_end() : Epoch 77 - loss: -0.88308 - dice: 0.88308 - val_loss: -0.38518 - val_dice: 0.38518.
2019-03-29 04:27:33.827 INFO : Trainer.py : Line 69 :         on_epoch_end() : Epoch 78 - loss: -0.87158 - dice: 0.87158 - val_loss: -0.37262 - val_dice: 0.37262.
2019-03-29 04:28:48.292 INFO : Trainer.py : Line 69 :         on_epoch_end() : Epoch 79 - loss: -0.87898 - dice: 0.87898 - val_loss: -0.45536 - val_dice: 0.45536.
2019-03-29 04:29:28.025 INFO : Trainer.py : Line 69 :         on_epoch_end() : Epoch 80 - loss: -0.87917 - dice: 0.87917 - val_loss: -0.46377 - val_dice: 0.46377.
2019-03-29 04:30:33.376 INFO : Trainer.py : Line 69 :         on_epoch_end() : Epoch 81 - loss: -0.89001 - dice: 0.89001 - val_loss: -0.44576 - val_dice: 0.44576.
2019-03-29 04:31:28.714 INFO : Trainer.py : Line 69 :         on_epoch_end() : Epoch 82 - loss: -0.88397 - dice: 0.88397 - val_loss: -0.43090 - val_dice: 0.43090.
2019-03-29 04:32:19.300 INFO : Trainer.py : Line 69 :         on_epoch_end() : Epoch 83 - loss: -0.88859 - dice: 0.88859 - val_loss: -0.41622 - val_dice: 0.41622.
2019-03-29 04:33:35.623 INFO : Trainer.py : Line 69 :         on_epoch_end() : Epoch 84 - loss: -0.89236 - dice: 0.89236 - val_loss: -0.43131 - val_dice: 0.43131.
2019-03-29 04:34:30.585 INFO : Trainer.py : Line 69 :         on_epoch_end() : Epoch 85 - loss: -0.89296 - dice: 0.89296 - val_loss: -0.42407 - val_dice: 0.42407.
2019-03-29 04:35:25.380 INFO : Trainer.py : Line 69 :         on_epoch_end() : Epoch 86 - loss: -0.89428 - dice: 0.89428 - val_loss: -0.43678 - val_dice: 0.43678.
2019-03-29 04:36:30.421 INFO : Trainer.py : Line 69 :         on_epoch_end() : Epoch 87 - loss: -0.88561 - dice: 0.88561 - val_loss: -0.45850 - val_dice: 0.45850.
2019-03-29 04:37:26.215 INFO : Trainer.py : Line 69 :         on_epoch_end() : Epoch 88 - loss: -0.89232 - dice: 0.89232 - val_loss: -0.44026 - val_dice: 0.44026.
2019-03-29 04:38:22.362 INFO : Trainer.py : Line 69 :         on_epoch_end() : Epoch 89 - loss: -0.89072 - dice: 0.89072 - val_loss: -0.45897 - val_dice: 0.45897.
2019-03-29 04:39:18.475 INFO : Trainer.py : Line 69 :         on_epoch_end() : Epoch 90 - loss: -0.89121 - dice: 0.89121 - val_loss: -0.40749 - val_dice: 0.40749.
2019-03-29 04:40:11.208 INFO : Trainer.py : Line 69 :         on_epoch_end() : Epoch 91 - loss: -0.88727 - dice: 0.88727 - val_loss: -0.40784 - val_dice: 0.40784.
2019-03-29 04:41:10.790 INFO : Trainer.py : Line 69 :         on_epoch_end() : Epoch 92 - loss: -0.89574 - dice: 0.89574 - val_loss: -0.40072 - val_dice: 0.40072.
2019-03-29 04:42:20.496 INFO : Trainer.py : Line 69 :         on_epoch_end() : Epoch 93 - loss: -0.89905 - dice: 0.89905 - val_loss: -0.40330 - val_dice: 0.40330.
2019-03-29 04:43:15.347 INFO : Trainer.py : Line 69 :         on_epoch_end() : Epoch 94 - loss: -0.89546 - dice: 0.89546 - val_loss: -0.44148 - val_dice: 0.44148.
2019-03-29 04:44:06.032 INFO : Trainer.py : Line 69 :         on_epoch_end() : Epoch 95 - loss: -0.89635 - dice: 0.89635 - val_loss: -0.38370 - val_dice: 0.38370.
2019-03-29 04:45:15.484 INFO : Trainer.py : Line 69 :         on_epoch_end() : Epoch 96 - loss: -0.89459 - dice: 0.89459 - val_loss: -0.43224 - val_dice: 0.43224.
2019-03-29 04:46:09.571 INFO : Trainer.py : Line 69 :         on_epoch_end() : Epoch 97 - loss: -0.88196 - dice: 0.88196 - val_loss: -0.43139 - val_dice: 0.43139.
2019-03-29 04:46:59.857 INFO : Trainer.py : Line 69 :         on_epoch_end() : Epoch 98 - loss: -0.89162 - dice: 0.89162 - val_loss: -0.43943 - val_dice: 0.43943.
2019-03-29 04:48:02.749 INFO : Trainer.py : Line 69 :         on_epoch_end() : Epoch 99 - loss: -0.89516 - dice: 0.89516 - val_loss: -0.48679 - val_dice: 0.48679.
2019-03-29 04:48:17.526 INFO : Trainer.py : Line 468 :                train() : training completed for this set of parameters.
2019-03-29 04:48:17.628 INFO : Trainer.py : Line 267 : save_training_history() : history was saved successfully to ../TrainOutput/2019-03-27-15-51/UNet_03_False_True/training_history_UNet_03_False_True.csv
2019-03-29 04:48:17.629 INFO : Trainer.py : Line 473 :                train() : ../TrainOutput/2019-03-27-15-51/UNet_03_False_True/model_json_UNet_03_False_True.json is successfully saved.
2019-03-29 04:48:17.629 INFO : Trainer.py : Line 475 :                train() : ../TrainOutput/2019-03-27-15-51/UNet_03_False_True/training_history_UNet_03_False_True.csv is successfully saved.
