2019-03-28 00:01:37.736 INFO : Trainer.py : Line 316 :                train() : model parameters are: 
2019-03-28 00:01:37.736 INFO : Trainer.py : Line 317 :                train() : augment_training    True
batch_size            45
epochs               100
model_type          UNet
train_faction          1
train_fraction       0.6
with_fake           True
Name: 2, dtype: object
2019-03-28 00:01:37.863 INFO : Trainer.py : Line 252 :      build_filenames() : model json file is ../TrainOutput/2019-03-27-15-51/UNet_06_True_True/model_json_UNet_06_True_True.json
2019-03-28 00:01:37.863 INFO : Trainer.py : Line 254 :      build_filenames() : model weights file is ../TrainOutput/2019-03-27-15-51/UNet_06_True_True/UNet_06_True_True
2019-03-28 00:01:37.864 INFO : Trainer.py : Line 256 :      build_filenames() : training history file is ../TrainOutput/2019-03-27-15-51/UNet_06_True_True/training_history_UNet_06_True_True.csv
2019-03-28 00:01:37.864 INFO : Trainer.py : Line 324 :                train() : model parameters number 2 of RangeIndex(start=0, stop=70, step=1)
2019-03-28 00:01:39.146 INFO : Trainer.py : Line 414 :                train() : model has been built successfully
2019-03-28 00:01:41.301 INFO : Trainer.py : Line 445 :                train() : training started
2019-03-28 00:01:41.328 INFO : Trainer.py : Line 282 :   save_model_to_json() : model saved successfully to ../TrainOutput/2019-03-27-15-51/UNet_06_True_True/model_json_UNet_06_True_True.json
2019-03-28 00:04:14.302 INFO : Trainer.py : Line 69 :         on_epoch_end() : Epoch 0 - loss: -0.22078 - dice: 0.22078 - val_loss: -0.53336 - val_dice: 0.53336.
2019-03-28 00:06:06.517 INFO : Trainer.py : Line 69 :         on_epoch_end() : Epoch 1 - loss: -0.50349 - dice: 0.50349 - val_loss: -0.53259 - val_dice: 0.53259.
2019-03-28 00:08:00.733 INFO : Trainer.py : Line 69 :         on_epoch_end() : Epoch 2 - loss: -0.52914 - dice: 0.52914 - val_loss: -0.50695 - val_dice: 0.50695.
2019-03-28 00:09:45.309 INFO : Trainer.py : Line 69 :         on_epoch_end() : Epoch 3 - loss: -0.54372 - dice: 0.54372 - val_loss: -0.54174 - val_dice: 0.54174.
2019-03-28 00:11:36.233 INFO : Trainer.py : Line 69 :         on_epoch_end() : Epoch 4 - loss: -0.56083 - dice: 0.56083 - val_loss: -0.51926 - val_dice: 0.51926.
2019-03-28 00:13:29.974 INFO : Trainer.py : Line 69 :         on_epoch_end() : Epoch 5 - loss: -0.58700 - dice: 0.58700 - val_loss: -0.49114 - val_dice: 0.49114.
2019-03-28 00:15:27.449 INFO : Trainer.py : Line 69 :         on_epoch_end() : Epoch 6 - loss: -0.59051 - dice: 0.59051 - val_loss: -0.52429 - val_dice: 0.52429.
2019-03-28 00:17:30.590 INFO : Trainer.py : Line 69 :         on_epoch_end() : Epoch 7 - loss: -0.61483 - dice: 0.61483 - val_loss: -0.48638 - val_dice: 0.48638.
2019-03-28 00:19:13.637 INFO : Trainer.py : Line 69 :         on_epoch_end() : Epoch 8 - loss: -0.61873 - dice: 0.61873 - val_loss: -0.45771 - val_dice: 0.45771.
2019-03-28 00:21:02.253 INFO : Trainer.py : Line 69 :         on_epoch_end() : Epoch 9 - loss: -0.63086 - dice: 0.63086 - val_loss: -0.51705 - val_dice: 0.51705.
2019-03-28 00:22:55.129 INFO : Trainer.py : Line 69 :         on_epoch_end() : Epoch 10 - loss: -0.64369 - dice: 0.64369 - val_loss: -0.54786 - val_dice: 0.54786.
2019-03-28 00:24:51.013 INFO : Trainer.py : Line 69 :         on_epoch_end() : Epoch 11 - loss: -0.66447 - dice: 0.66447 - val_loss: -0.48819 - val_dice: 0.48819.
2019-03-28 00:26:35.776 INFO : Trainer.py : Line 69 :         on_epoch_end() : Epoch 12 - loss: -0.66733 - dice: 0.66733 - val_loss: -0.40314 - val_dice: 0.40314.
2019-03-28 00:28:30.762 INFO : Trainer.py : Line 69 :         on_epoch_end() : Epoch 13 - loss: -0.66333 - dice: 0.66333 - val_loss: -0.45769 - val_dice: 0.45769.
2019-03-28 00:30:17.171 INFO : Trainer.py : Line 69 :         on_epoch_end() : Epoch 14 - loss: -0.69571 - dice: 0.69571 - val_loss: -0.39878 - val_dice: 0.39878.
2019-03-28 00:32:17.703 INFO : Trainer.py : Line 69 :         on_epoch_end() : Epoch 15 - loss: -0.71514 - dice: 0.71514 - val_loss: -0.50911 - val_dice: 0.50911.
2019-03-28 00:34:12.609 INFO : Trainer.py : Line 69 :         on_epoch_end() : Epoch 16 - loss: -0.70692 - dice: 0.70692 - val_loss: -0.46335 - val_dice: 0.46335.
2019-03-28 00:35:57.678 INFO : Trainer.py : Line 69 :         on_epoch_end() : Epoch 17 - loss: -0.70328 - dice: 0.70328 - val_loss: -0.51198 - val_dice: 0.51198.
2019-03-28 00:37:54.329 INFO : Trainer.py : Line 69 :         on_epoch_end() : Epoch 18 - loss: -0.72916 - dice: 0.72916 - val_loss: -0.49541 - val_dice: 0.49541.
2019-03-28 00:40:21.754 INFO : Trainer.py : Line 69 :         on_epoch_end() : Epoch 19 - loss: -0.73791 - dice: 0.73791 - val_loss: -0.47828 - val_dice: 0.47828.
2019-03-28 00:41:37.937 INFO : Trainer.py : Line 69 :         on_epoch_end() : Epoch 20 - loss: -0.74896 - dice: 0.74896 - val_loss: -0.51001 - val_dice: 0.51001.
2019-03-28 00:43:33.784 INFO : Trainer.py : Line 69 :         on_epoch_end() : Epoch 21 - loss: -0.75459 - dice: 0.75459 - val_loss: -0.49498 - val_dice: 0.49498.
2019-03-28 00:45:28.884 INFO : Trainer.py : Line 69 :         on_epoch_end() : Epoch 22 - loss: -0.76873 - dice: 0.76873 - val_loss: -0.41726 - val_dice: 0.41726.
2019-03-28 00:47:20.604 INFO : Trainer.py : Line 69 :         on_epoch_end() : Epoch 23 - loss: -0.77818 - dice: 0.77818 - val_loss: -0.43061 - val_dice: 0.43061.
2019-03-28 00:49:10.955 INFO : Trainer.py : Line 69 :         on_epoch_end() : Epoch 24 - loss: -0.78530 - dice: 0.78530 - val_loss: -0.42914 - val_dice: 0.42914.
2019-03-28 00:51:04.560 INFO : Trainer.py : Line 69 :         on_epoch_end() : Epoch 25 - loss: -0.78922 - dice: 0.78922 - val_loss: -0.53628 - val_dice: 0.53628.
2019-03-28 00:52:55.185 INFO : Trainer.py : Line 69 :         on_epoch_end() : Epoch 26 - loss: -0.78651 - dice: 0.78651 - val_loss: -0.42827 - val_dice: 0.42827.
2019-03-28 00:54:44.831 INFO : Trainer.py : Line 69 :         on_epoch_end() : Epoch 27 - loss: -0.79282 - dice: 0.79282 - val_loss: -0.49453 - val_dice: 0.49453.
2019-03-28 00:56:39.072 INFO : Trainer.py : Line 69 :         on_epoch_end() : Epoch 28 - loss: -0.79956 - dice: 0.79956 - val_loss: -0.37535 - val_dice: 0.37535.
2019-03-28 00:58:37.084 INFO : Trainer.py : Line 69 :         on_epoch_end() : Epoch 29 - loss: -0.80694 - dice: 0.80694 - val_loss: -0.46156 - val_dice: 0.46156.
2019-03-28 01:00:32.936 INFO : Trainer.py : Line 69 :         on_epoch_end() : Epoch 30 - loss: -0.81028 - dice: 0.81028 - val_loss: -0.45764 - val_dice: 0.45764.
2019-03-28 01:02:16.636 INFO : Trainer.py : Line 69 :         on_epoch_end() : Epoch 31 - loss: -0.81783 - dice: 0.81783 - val_loss: -0.47670 - val_dice: 0.47670.
2019-03-28 01:04:20.528 INFO : Trainer.py : Line 69 :         on_epoch_end() : Epoch 32 - loss: -0.81537 - dice: 0.81537 - val_loss: -0.51274 - val_dice: 0.51274.
2019-03-28 01:05:58.470 INFO : Trainer.py : Line 69 :         on_epoch_end() : Epoch 33 - loss: -0.82665 - dice: 0.82665 - val_loss: -0.43730 - val_dice: 0.43730.
2019-03-28 01:07:54.703 INFO : Trainer.py : Line 69 :         on_epoch_end() : Epoch 34 - loss: -0.82587 - dice: 0.82587 - val_loss: -0.42868 - val_dice: 0.42868.
2019-03-28 01:09:47.505 INFO : Trainer.py : Line 69 :         on_epoch_end() : Epoch 35 - loss: -0.83135 - dice: 0.83135 - val_loss: -0.50392 - val_dice: 0.50392.
2019-03-28 01:11:44.233 INFO : Trainer.py : Line 69 :         on_epoch_end() : Epoch 36 - loss: -0.82443 - dice: 0.82443 - val_loss: -0.51463 - val_dice: 0.51463.
2019-03-28 01:13:29.018 INFO : Trainer.py : Line 69 :         on_epoch_end() : Epoch 37 - loss: -0.83296 - dice: 0.83296 - val_loss: -0.45140 - val_dice: 0.45140.
2019-03-28 01:15:21.615 INFO : Trainer.py : Line 69 :         on_epoch_end() : Epoch 38 - loss: -0.84002 - dice: 0.84002 - val_loss: -0.45875 - val_dice: 0.45875.
2019-03-28 01:17:31.818 INFO : Trainer.py : Line 69 :         on_epoch_end() : Epoch 39 - loss: -0.84398 - dice: 0.84398 - val_loss: -0.47572 - val_dice: 0.47572.
2019-03-28 01:18:59.246 INFO : Trainer.py : Line 69 :         on_epoch_end() : Epoch 40 - loss: -0.84480 - dice: 0.84480 - val_loss: -0.43484 - val_dice: 0.43484.
2019-03-28 01:21:07.288 INFO : Trainer.py : Line 69 :         on_epoch_end() : Epoch 41 - loss: -0.84730 - dice: 0.84730 - val_loss: -0.49151 - val_dice: 0.49151.
2019-03-28 01:22:54.427 INFO : Trainer.py : Line 69 :         on_epoch_end() : Epoch 42 - loss: -0.83927 - dice: 0.83927 - val_loss: -0.46642 - val_dice: 0.46642.
2019-03-28 01:24:50.851 INFO : Trainer.py : Line 69 :         on_epoch_end() : Epoch 43 - loss: -0.84103 - dice: 0.84103 - val_loss: -0.54127 - val_dice: 0.54127.
2019-03-28 01:26:36.794 INFO : Trainer.py : Line 69 :         on_epoch_end() : Epoch 44 - loss: -0.84941 - dice: 0.84941 - val_loss: -0.46750 - val_dice: 0.46750.
2019-03-28 01:28:36.189 INFO : Trainer.py : Line 69 :         on_epoch_end() : Epoch 45 - loss: -0.84752 - dice: 0.84752 - val_loss: -0.52510 - val_dice: 0.52510.
2019-03-28 01:30:22.412 INFO : Trainer.py : Line 69 :         on_epoch_end() : Epoch 46 - loss: -0.85044 - dice: 0.85044 - val_loss: -0.49048 - val_dice: 0.49048.
2019-03-28 01:32:15.057 INFO : Trainer.py : Line 69 :         on_epoch_end() : Epoch 47 - loss: -0.85540 - dice: 0.85540 - val_loss: -0.46025 - val_dice: 0.46025.
2019-03-28 01:34:10.158 INFO : Trainer.py : Line 69 :         on_epoch_end() : Epoch 48 - loss: -0.85061 - dice: 0.85061 - val_loss: -0.43708 - val_dice: 0.43708.
2019-03-28 01:36:03.620 INFO : Trainer.py : Line 69 :         on_epoch_end() : Epoch 49 - loss: -0.85428 - dice: 0.85428 - val_loss: -0.44844 - val_dice: 0.44844.
2019-03-28 01:37:59.443 INFO : Trainer.py : Line 69 :         on_epoch_end() : Epoch 50 - loss: -0.86032 - dice: 0.86032 - val_loss: -0.46837 - val_dice: 0.46837.
2019-03-28 01:39:47.114 INFO : Trainer.py : Line 69 :         on_epoch_end() : Epoch 51 - loss: -0.86151 - dice: 0.86151 - val_loss: -0.46902 - val_dice: 0.46902.
2019-03-28 01:41:40.586 INFO : Trainer.py : Line 69 :         on_epoch_end() : Epoch 52 - loss: -0.85928 - dice: 0.85928 - val_loss: -0.48767 - val_dice: 0.48767.
2019-03-28 01:43:32.864 INFO : Trainer.py : Line 69 :         on_epoch_end() : Epoch 53 - loss: -0.86443 - dice: 0.86443 - val_loss: -0.49967 - val_dice: 0.49967.
2019-03-28 01:45:29.001 INFO : Trainer.py : Line 69 :         on_epoch_end() : Epoch 54 - loss: -0.86404 - dice: 0.86404 - val_loss: -0.49148 - val_dice: 0.49148.
2019-03-28 01:47:11.809 INFO : Trainer.py : Line 69 :         on_epoch_end() : Epoch 55 - loss: -0.86269 - dice: 0.86269 - val_loss: -0.44973 - val_dice: 0.44973.
2019-03-28 01:49:17.906 INFO : Trainer.py : Line 69 :         on_epoch_end() : Epoch 56 - loss: -0.86425 - dice: 0.86425 - val_loss: -0.47869 - val_dice: 0.47869.
2019-03-28 01:51:04.933 INFO : Trainer.py : Line 69 :         on_epoch_end() : Epoch 57 - loss: -0.86744 - dice: 0.86744 - val_loss: -0.51604 - val_dice: 0.51604.
2019-03-28 01:52:53.102 INFO : Trainer.py : Line 69 :         on_epoch_end() : Epoch 58 - loss: -0.87398 - dice: 0.87398 - val_loss: -0.47766 - val_dice: 0.47766.
2019-03-28 01:55:03.261 INFO : Trainer.py : Line 69 :         on_epoch_end() : Epoch 59 - loss: -0.86980 - dice: 0.86980 - val_loss: -0.49020 - val_dice: 0.49020.
2019-03-28 01:56:38.991 INFO : Trainer.py : Line 69 :         on_epoch_end() : Epoch 60 - loss: -0.86744 - dice: 0.86744 - val_loss: -0.52735 - val_dice: 0.52735.
2019-03-28 01:58:35.720 INFO : Trainer.py : Line 69 :         on_epoch_end() : Epoch 61 - loss: -0.86816 - dice: 0.86816 - val_loss: -0.53238 - val_dice: 0.53238.
2019-03-28 02:00:25.972 INFO : Trainer.py : Line 69 :         on_epoch_end() : Epoch 62 - loss: -0.87156 - dice: 0.87156 - val_loss: -0.50562 - val_dice: 0.50562.
2019-03-28 02:02:13.200 INFO : Trainer.py : Line 69 :         on_epoch_end() : Epoch 63 - loss: -0.88118 - dice: 0.88118 - val_loss: -0.48990 - val_dice: 0.48990.
2019-03-28 02:04:00.145 INFO : Trainer.py : Line 69 :         on_epoch_end() : Epoch 64 - loss: -0.88363 - dice: 0.88363 - val_loss: -0.49958 - val_dice: 0.49958.
2019-03-28 02:05:55.650 INFO : Trainer.py : Line 69 :         on_epoch_end() : Epoch 65 - loss: -0.87856 - dice: 0.87856 - val_loss: -0.48542 - val_dice: 0.48542.
2019-03-28 02:07:54.981 INFO : Trainer.py : Line 69 :         on_epoch_end() : Epoch 66 - loss: -0.88137 - dice: 0.88137 - val_loss: -0.50858 - val_dice: 0.50858.
2019-03-28 02:09:46.543 INFO : Trainer.py : Line 69 :         on_epoch_end() : Epoch 67 - loss: -0.88047 - dice: 0.88047 - val_loss: -0.48475 - val_dice: 0.48475.
2019-03-28 02:11:36.169 INFO : Trainer.py : Line 69 :         on_epoch_end() : Epoch 68 - loss: -0.88584 - dice: 0.88584 - val_loss: -0.48173 - val_dice: 0.48173.
2019-03-28 02:13:23.551 INFO : Trainer.py : Line 69 :         on_epoch_end() : Epoch 69 - loss: -0.88470 - dice: 0.88470 - val_loss: -0.48495 - val_dice: 0.48495.
2019-03-28 02:15:22.167 INFO : Trainer.py : Line 69 :         on_epoch_end() : Epoch 70 - loss: -0.88542 - dice: 0.88542 - val_loss: -0.49772 - val_dice: 0.49772.
2019-03-28 02:17:11.884 INFO : Trainer.py : Line 69 :         on_epoch_end() : Epoch 71 - loss: -0.87959 - dice: 0.87959 - val_loss: -0.43805 - val_dice: 0.43805.
2019-03-28 02:19:06.944 INFO : Trainer.py : Line 69 :         on_epoch_end() : Epoch 72 - loss: -0.88538 - dice: 0.88538 - val_loss: -0.50672 - val_dice: 0.50672.
2019-03-28 02:21:02.301 INFO : Trainer.py : Line 69 :         on_epoch_end() : Epoch 73 - loss: -0.88712 - dice: 0.88712 - val_loss: -0.47655 - val_dice: 0.47655.
2019-03-28 02:22:51.658 INFO : Trainer.py : Line 69 :         on_epoch_end() : Epoch 74 - loss: -0.89221 - dice: 0.89221 - val_loss: -0.48052 - val_dice: 0.48052.
2019-03-28 02:24:49.084 INFO : Trainer.py : Line 69 :         on_epoch_end() : Epoch 75 - loss: -0.88879 - dice: 0.88879 - val_loss: -0.53615 - val_dice: 0.53615.
2019-03-28 02:26:41.210 INFO : Trainer.py : Line 69 :         on_epoch_end() : Epoch 76 - loss: -0.89023 - dice: 0.89023 - val_loss: -0.46309 - val_dice: 0.46309.
2019-03-28 02:28:27.785 INFO : Trainer.py : Line 69 :         on_epoch_end() : Epoch 77 - loss: -0.89157 - dice: 0.89157 - val_loss: -0.47679 - val_dice: 0.47679.
2019-03-28 02:30:26.193 INFO : Trainer.py : Line 69 :         on_epoch_end() : Epoch 78 - loss: -0.89230 - dice: 0.89230 - val_loss: -0.48327 - val_dice: 0.48327.
2019-03-28 02:32:32.579 INFO : Trainer.py : Line 69 :         on_epoch_end() : Epoch 79 - loss: -0.89151 - dice: 0.89151 - val_loss: -0.47812 - val_dice: 0.47812.
2019-03-28 02:34:12.199 INFO : Trainer.py : Line 69 :         on_epoch_end() : Epoch 80 - loss: -0.88511 - dice: 0.88511 - val_loss: -0.46569 - val_dice: 0.46569.
2019-03-28 02:36:00.571 INFO : Trainer.py : Line 69 :         on_epoch_end() : Epoch 81 - loss: -0.89089 - dice: 0.89089 - val_loss: -0.46982 - val_dice: 0.46982.
2019-03-28 02:37:51.181 INFO : Trainer.py : Line 69 :         on_epoch_end() : Epoch 82 - loss: -0.88621 - dice: 0.88621 - val_loss: -0.46930 - val_dice: 0.46930.
2019-03-28 02:39:52.543 INFO : Trainer.py : Line 69 :         on_epoch_end() : Epoch 83 - loss: -0.89708 - dice: 0.89708 - val_loss: -0.42457 - val_dice: 0.42457.
2019-03-28 02:41:37.027 INFO : Trainer.py : Line 69 :         on_epoch_end() : Epoch 84 - loss: -0.89547 - dice: 0.89547 - val_loss: -0.47579 - val_dice: 0.47579.
2019-03-28 02:43:24.711 INFO : Trainer.py : Line 69 :         on_epoch_end() : Epoch 85 - loss: -0.89756 - dice: 0.89756 - val_loss: -0.47984 - val_dice: 0.47984.
2019-03-28 02:45:18.903 INFO : Trainer.py : Line 69 :         on_epoch_end() : Epoch 86 - loss: -0.89957 - dice: 0.89957 - val_loss: -0.44999 - val_dice: 0.44999.
2019-03-28 02:47:14.449 INFO : Trainer.py : Line 69 :         on_epoch_end() : Epoch 87 - loss: -0.89867 - dice: 0.89867 - val_loss: -0.43869 - val_dice: 0.43869.
2019-03-28 02:49:04.494 INFO : Trainer.py : Line 69 :         on_epoch_end() : Epoch 88 - loss: -0.90012 - dice: 0.90012 - val_loss: -0.46838 - val_dice: 0.46838.
2019-03-28 02:50:56.646 INFO : Trainer.py : Line 69 :         on_epoch_end() : Epoch 89 - loss: -0.89281 - dice: 0.89281 - val_loss: -0.48953 - val_dice: 0.48953.
2019-03-28 02:52:47.948 INFO : Trainer.py : Line 69 :         on_epoch_end() : Epoch 90 - loss: -0.89940 - dice: 0.89940 - val_loss: -0.44321 - val_dice: 0.44321.
2019-03-28 02:54:43.893 INFO : Trainer.py : Line 69 :         on_epoch_end() : Epoch 91 - loss: -0.89726 - dice: 0.89726 - val_loss: -0.51044 - val_dice: 0.51044.
2019-03-28 02:56:43.414 INFO : Trainer.py : Line 69 :         on_epoch_end() : Epoch 92 - loss: -0.89570 - dice: 0.89570 - val_loss: -0.43961 - val_dice: 0.43961.
2019-03-28 02:58:27.315 INFO : Trainer.py : Line 69 :         on_epoch_end() : Epoch 93 - loss: -0.90178 - dice: 0.90178 - val_loss: -0.48271 - val_dice: 0.48271.
2019-03-28 03:00:18.965 INFO : Trainer.py : Line 69 :         on_epoch_end() : Epoch 94 - loss: -0.90371 - dice: 0.90371 - val_loss: -0.46983 - val_dice: 0.46983.
2019-03-28 03:02:12.292 INFO : Trainer.py : Line 69 :         on_epoch_end() : Epoch 95 - loss: -0.90392 - dice: 0.90392 - val_loss: -0.44985 - val_dice: 0.44985.
2019-03-28 03:04:01.350 INFO : Trainer.py : Line 69 :         on_epoch_end() : Epoch 96 - loss: -0.90304 - dice: 0.90304 - val_loss: -0.48489 - val_dice: 0.48489.
2019-03-28 03:06:04.361 INFO : Trainer.py : Line 69 :         on_epoch_end() : Epoch 97 - loss: -0.90485 - dice: 0.90485 - val_loss: -0.48007 - val_dice: 0.48007.
2019-03-28 03:07:50.984 INFO : Trainer.py : Line 69 :         on_epoch_end() : Epoch 98 - loss: -0.90278 - dice: 0.90278 - val_loss: -0.48005 - val_dice: 0.48005.
2019-03-28 03:09:32.805 INFO : Trainer.py : Line 69 :         on_epoch_end() : Epoch 99 - loss: -0.90596 - dice: 0.90596 - val_loss: -0.49741 - val_dice: 0.49741.
2019-03-28 03:09:58.145 INFO : Trainer.py : Line 468 :                train() : training completed for this set of parameters.
2019-03-28 03:09:58.495 INFO : Trainer.py : Line 267 : save_training_history() : history was saved successfully to ../TrainOutput/2019-03-27-15-51/UNet_06_True_True/training_history_UNet_06_True_True.csv
2019-03-28 03:09:58.508 INFO : Trainer.py : Line 473 :                train() : ../TrainOutput/2019-03-27-15-51/UNet_06_True_True/model_json_UNet_06_True_True.json is successfully saved.
2019-03-28 03:09:58.508 INFO : Trainer.py : Line 475 :                train() : ../TrainOutput/2019-03-27-15-51/UNet_06_True_True/training_history_UNet_06_True_True.csv is successfully saved.
