2019-03-28 10:48:22.239 INFO : Trainer.py : Line 316 :                train() : model parameters are: 
2019-03-28 10:48:22.239 INFO : Trainer.py : Line 317 :                train() : augment_training    True
batch_size            45
epochs               100
model_type          UNet
train_faction          1
train_fraction       0.2
with_fake           True
Name: 6, dtype: object
2019-03-28 10:48:22.244 INFO : Trainer.py : Line 252 :      build_filenames() : model json file is ../TrainOutput/2019-03-27-15-51/UNet_02_True_True/model_json_UNet_02_True_True.json
2019-03-28 10:48:22.244 INFO : Trainer.py : Line 254 :      build_filenames() : model weights file is ../TrainOutput/2019-03-27-15-51/UNet_02_True_True/UNet_02_True_True
2019-03-28 10:48:22.244 INFO : Trainer.py : Line 256 :      build_filenames() : training history file is ../TrainOutput/2019-03-27-15-51/UNet_02_True_True/training_history_UNet_02_True_True.csv
2019-03-28 10:48:22.245 INFO : Trainer.py : Line 324 :                train() : model parameters number 6 of RangeIndex(start=0, stop=70, step=1)
2019-03-28 10:48:23.433 INFO : Trainer.py : Line 414 :                train() : model has been built successfully
2019-03-28 10:48:26.842 INFO : Trainer.py : Line 445 :                train() : training started
2019-03-28 10:48:26.849 INFO : Trainer.py : Line 282 :   save_model_to_json() : model saved successfully to ../TrainOutput/2019-03-27-15-51/UNet_02_True_True/model_json_UNet_02_True_True.json
2019-03-28 10:49:57.573 INFO : Trainer.py : Line 69 :         on_epoch_end() : Epoch 0 - loss: -0.11646 - dice: 0.11646 - val_loss: -0.23871 - val_dice: 0.23871.
2019-03-28 10:50:54.893 INFO : Trainer.py : Line 69 :         on_epoch_end() : Epoch 1 - loss: -0.37350 - dice: 0.37350 - val_loss: -0.48923 - val_dice: 0.48923.
2019-03-28 10:51:43.329 INFO : Trainer.py : Line 69 :         on_epoch_end() : Epoch 2 - loss: -0.50632 - dice: 0.50632 - val_loss: -0.52124 - val_dice: 0.52124.
2019-03-28 10:52:38.414 INFO : Trainer.py : Line 69 :         on_epoch_end() : Epoch 3 - loss: -0.55363 - dice: 0.55363 - val_loss: -0.51846 - val_dice: 0.51846.
2019-03-28 10:53:32.503 INFO : Trainer.py : Line 69 :         on_epoch_end() : Epoch 4 - loss: -0.55648 - dice: 0.55648 - val_loss: -0.55493 - val_dice: 0.55493.
2019-03-28 10:54:24.072 INFO : Trainer.py : Line 69 :         on_epoch_end() : Epoch 5 - loss: -0.56659 - dice: 0.56659 - val_loss: -0.53636 - val_dice: 0.53636.
2019-03-28 10:55:13.227 INFO : Trainer.py : Line 69 :         on_epoch_end() : Epoch 6 - loss: -0.59851 - dice: 0.59851 - val_loss: -0.52110 - val_dice: 0.52110.
2019-03-28 10:56:07.369 INFO : Trainer.py : Line 69 :         on_epoch_end() : Epoch 7 - loss: -0.59957 - dice: 0.59957 - val_loss: -0.53473 - val_dice: 0.53473.
2019-03-28 10:56:59.805 INFO : Trainer.py : Line 69 :         on_epoch_end() : Epoch 8 - loss: -0.61731 - dice: 0.61731 - val_loss: -0.55020 - val_dice: 0.55020.
2019-03-28 10:57:54.342 INFO : Trainer.py : Line 69 :         on_epoch_end() : Epoch 9 - loss: -0.62387 - dice: 0.62387 - val_loss: -0.51756 - val_dice: 0.51756.
2019-03-28 10:58:46.392 INFO : Trainer.py : Line 69 :         on_epoch_end() : Epoch 10 - loss: -0.62743 - dice: 0.62743 - val_loss: -0.55167 - val_dice: 0.55167.
2019-03-28 10:59:40.749 INFO : Trainer.py : Line 69 :         on_epoch_end() : Epoch 11 - loss: -0.63788 - dice: 0.63788 - val_loss: -0.54606 - val_dice: 0.54606.
2019-03-28 11:00:31.989 INFO : Trainer.py : Line 69 :         on_epoch_end() : Epoch 12 - loss: -0.66487 - dice: 0.66487 - val_loss: -0.42902 - val_dice: 0.42902.
2019-03-28 11:01:23.707 INFO : Trainer.py : Line 69 :         on_epoch_end() : Epoch 13 - loss: -0.66855 - dice: 0.66855 - val_loss: -0.51122 - val_dice: 0.51122.
2019-03-28 11:02:18.921 INFO : Trainer.py : Line 69 :         on_epoch_end() : Epoch 14 - loss: -0.66886 - dice: 0.66886 - val_loss: -0.52942 - val_dice: 0.52942.
2019-03-28 11:03:12.114 INFO : Trainer.py : Line 69 :         on_epoch_end() : Epoch 15 - loss: -0.69384 - dice: 0.69384 - val_loss: -0.46221 - val_dice: 0.46221.
2019-03-28 11:04:06.198 INFO : Trainer.py : Line 69 :         on_epoch_end() : Epoch 16 - loss: -0.70735 - dice: 0.70735 - val_loss: -0.38210 - val_dice: 0.38210.
2019-03-28 11:04:53.919 INFO : Trainer.py : Line 69 :         on_epoch_end() : Epoch 17 - loss: -0.71688 - dice: 0.71688 - val_loss: -0.45909 - val_dice: 0.45909.
2019-03-28 11:05:48.033 INFO : Trainer.py : Line 69 :         on_epoch_end() : Epoch 18 - loss: -0.72875 - dice: 0.72875 - val_loss: -0.42962 - val_dice: 0.42962.
2019-03-28 11:07:10.464 INFO : Trainer.py : Line 69 :         on_epoch_end() : Epoch 19 - loss: -0.74839 - dice: 0.74839 - val_loss: -0.39267 - val_dice: 0.39267.
2019-03-28 11:07:44.984 INFO : Trainer.py : Line 69 :         on_epoch_end() : Epoch 20 - loss: -0.74532 - dice: 0.74532 - val_loss: -0.44235 - val_dice: 0.44235.
2019-03-28 11:08:38.636 INFO : Trainer.py : Line 69 :         on_epoch_end() : Epoch 21 - loss: -0.75930 - dice: 0.75930 - val_loss: -0.40243 - val_dice: 0.40243.
2019-03-28 11:09:30.187 INFO : Trainer.py : Line 69 :         on_epoch_end() : Epoch 22 - loss: -0.76799 - dice: 0.76799 - val_loss: -0.46769 - val_dice: 0.46769.
2019-03-28 11:10:26.567 INFO : Trainer.py : Line 69 :         on_epoch_end() : Epoch 23 - loss: -0.76112 - dice: 0.76112 - val_loss: -0.38187 - val_dice: 0.38187.
2019-03-28 11:11:20.299 INFO : Trainer.py : Line 69 :         on_epoch_end() : Epoch 24 - loss: -0.74862 - dice: 0.74862 - val_loss: -0.48283 - val_dice: 0.48283.
2019-03-28 11:12:17.492 INFO : Trainer.py : Line 69 :         on_epoch_end() : Epoch 25 - loss: -0.73345 - dice: 0.73345 - val_loss: -0.50599 - val_dice: 0.50599.
2019-03-28 11:13:11.829 INFO : Trainer.py : Line 69 :         on_epoch_end() : Epoch 26 - loss: -0.78431 - dice: 0.78431 - val_loss: -0.38685 - val_dice: 0.38685.
2019-03-28 11:14:12.552 INFO : Trainer.py : Line 69 :         on_epoch_end() : Epoch 27 - loss: -0.79146 - dice: 0.79146 - val_loss: -0.38685 - val_dice: 0.38685.
2019-03-28 11:15:09.491 INFO : Trainer.py : Line 69 :         on_epoch_end() : Epoch 28 - loss: -0.79553 - dice: 0.79553 - val_loss: -0.45020 - val_dice: 0.45020.
2019-03-28 11:16:06.317 INFO : Trainer.py : Line 69 :         on_epoch_end() : Epoch 29 - loss: -0.79927 - dice: 0.79927 - val_loss: -0.46288 - val_dice: 0.46288.
2019-03-28 11:16:56.341 INFO : Trainer.py : Line 69 :         on_epoch_end() : Epoch 30 - loss: -0.80924 - dice: 0.80924 - val_loss: -0.42638 - val_dice: 0.42638.
2019-03-28 11:17:55.541 INFO : Trainer.py : Line 69 :         on_epoch_end() : Epoch 31 - loss: -0.82005 - dice: 0.82005 - val_loss: -0.43452 - val_dice: 0.43452.
2019-03-28 11:18:53.043 INFO : Trainer.py : Line 69 :         on_epoch_end() : Epoch 32 - loss: -0.82637 - dice: 0.82637 - val_loss: -0.45596 - val_dice: 0.45596.
2019-03-28 11:19:50.877 INFO : Trainer.py : Line 69 :         on_epoch_end() : Epoch 33 - loss: -0.81383 - dice: 0.81383 - val_loss: -0.43292 - val_dice: 0.43292.
2019-03-28 11:20:48.497 INFO : Trainer.py : Line 69 :         on_epoch_end() : Epoch 34 - loss: -0.83105 - dice: 0.83105 - val_loss: -0.43415 - val_dice: 0.43415.
2019-03-28 11:21:39.344 INFO : Trainer.py : Line 69 :         on_epoch_end() : Epoch 35 - loss: -0.82517 - dice: 0.82517 - val_loss: -0.48178 - val_dice: 0.48178.
2019-03-28 11:22:41.655 INFO : Trainer.py : Line 69 :         on_epoch_end() : Epoch 36 - loss: -0.83569 - dice: 0.83569 - val_loss: -0.43808 - val_dice: 0.43808.
2019-03-28 11:23:31.721 INFO : Trainer.py : Line 69 :         on_epoch_end() : Epoch 37 - loss: -0.82765 - dice: 0.82765 - val_loss: -0.31784 - val_dice: 0.31784.
2019-03-28 11:24:31.027 INFO : Trainer.py : Line 69 :         on_epoch_end() : Epoch 38 - loss: -0.82912 - dice: 0.82912 - val_loss: -0.43231 - val_dice: 0.43231.
2019-03-28 11:25:32.616 INFO : Trainer.py : Line 69 :         on_epoch_end() : Epoch 39 - loss: -0.83349 - dice: 0.83349 - val_loss: -0.47931 - val_dice: 0.47931.
2019-03-28 11:26:24.553 INFO : Trainer.py : Line 69 :         on_epoch_end() : Epoch 40 - loss: -0.85074 - dice: 0.85074 - val_loss: -0.34156 - val_dice: 0.34156.
2019-03-28 11:27:13.420 INFO : Trainer.py : Line 69 :         on_epoch_end() : Epoch 41 - loss: -0.84373 - dice: 0.84373 - val_loss: -0.32792 - val_dice: 0.32792.
2019-03-28 11:28:09.523 INFO : Trainer.py : Line 69 :         on_epoch_end() : Epoch 42 - loss: -0.83823 - dice: 0.83823 - val_loss: -0.43859 - val_dice: 0.43859.
2019-03-28 11:29:04.968 INFO : Trainer.py : Line 69 :         on_epoch_end() : Epoch 43 - loss: -0.83672 - dice: 0.83672 - val_loss: -0.44804 - val_dice: 0.44804.
2019-03-28 11:30:07.147 INFO : Trainer.py : Line 69 :         on_epoch_end() : Epoch 44 - loss: -0.85311 - dice: 0.85311 - val_loss: -0.41191 - val_dice: 0.41191.
2019-03-28 11:31:03.924 INFO : Trainer.py : Line 69 :         on_epoch_end() : Epoch 45 - loss: -0.86451 - dice: 0.86451 - val_loss: -0.38755 - val_dice: 0.38755.
2019-03-28 11:32:05.166 INFO : Trainer.py : Line 69 :         on_epoch_end() : Epoch 46 - loss: -0.86657 - dice: 0.86657 - val_loss: -0.47691 - val_dice: 0.47691.
2019-03-28 11:32:54.995 INFO : Trainer.py : Line 69 :         on_epoch_end() : Epoch 47 - loss: -0.86766 - dice: 0.86766 - val_loss: -0.42663 - val_dice: 0.42663.
2019-03-28 11:33:50.338 INFO : Trainer.py : Line 69 :         on_epoch_end() : Epoch 48 - loss: -0.86984 - dice: 0.86984 - val_loss: -0.37131 - val_dice: 0.37131.
2019-03-28 11:34:45.934 INFO : Trainer.py : Line 69 :         on_epoch_end() : Epoch 49 - loss: -0.87176 - dice: 0.87176 - val_loss: -0.45256 - val_dice: 0.45256.
2019-03-28 11:35:43.243 INFO : Trainer.py : Line 69 :         on_epoch_end() : Epoch 50 - loss: -0.87321 - dice: 0.87321 - val_loss: -0.42586 - val_dice: 0.42586.
2019-03-28 11:36:40.681 INFO : Trainer.py : Line 69 :         on_epoch_end() : Epoch 51 - loss: -0.86502 - dice: 0.86502 - val_loss: -0.40775 - val_dice: 0.40775.
2019-03-28 11:37:38.085 INFO : Trainer.py : Line 69 :         on_epoch_end() : Epoch 52 - loss: -0.87577 - dice: 0.87577 - val_loss: -0.35975 - val_dice: 0.35975.
2019-03-28 11:38:30.530 INFO : Trainer.py : Line 69 :         on_epoch_end() : Epoch 53 - loss: -0.87086 - dice: 0.87086 - val_loss: -0.49644 - val_dice: 0.49644.
2019-03-28 11:39:28.116 INFO : Trainer.py : Line 69 :         on_epoch_end() : Epoch 54 - loss: -0.85678 - dice: 0.85678 - val_loss: -0.44435 - val_dice: 0.44435.
2019-03-28 11:40:30.599 INFO : Trainer.py : Line 69 :         on_epoch_end() : Epoch 55 - loss: -0.86728 - dice: 0.86728 - val_loss: -0.46573 - val_dice: 0.46573.
2019-03-28 11:41:28.517 INFO : Trainer.py : Line 69 :         on_epoch_end() : Epoch 56 - loss: -0.87575 - dice: 0.87575 - val_loss: -0.38066 - val_dice: 0.38066.
2019-03-28 11:42:20.958 INFO : Trainer.py : Line 69 :         on_epoch_end() : Epoch 57 - loss: -0.87548 - dice: 0.87548 - val_loss: -0.33924 - val_dice: 0.33924.
2019-03-28 11:43:20.179 INFO : Trainer.py : Line 69 :         on_epoch_end() : Epoch 58 - loss: -0.87884 - dice: 0.87884 - val_loss: -0.39397 - val_dice: 0.39397.
2019-03-28 11:44:25.035 INFO : Trainer.py : Line 69 :         on_epoch_end() : Epoch 59 - loss: -0.88636 - dice: 0.88636 - val_loss: -0.41948 - val_dice: 0.41948.
2019-03-28 11:45:14.609 INFO : Trainer.py : Line 69 :         on_epoch_end() : Epoch 60 - loss: -0.88518 - dice: 0.88518 - val_loss: -0.41771 - val_dice: 0.41771.
2019-03-28 11:46:14.877 INFO : Trainer.py : Line 69 :         on_epoch_end() : Epoch 61 - loss: -0.88929 - dice: 0.88929 - val_loss: -0.40112 - val_dice: 0.40112.
2019-03-28 11:47:07.492 INFO : Trainer.py : Line 69 :         on_epoch_end() : Epoch 62 - loss: -0.89236 - dice: 0.89236 - val_loss: -0.39188 - val_dice: 0.39188.
2019-03-28 11:48:04.338 INFO : Trainer.py : Line 69 :         on_epoch_end() : Epoch 63 - loss: -0.89175 - dice: 0.89175 - val_loss: -0.42764 - val_dice: 0.42764.
2019-03-28 11:48:57.889 INFO : Trainer.py : Line 69 :         on_epoch_end() : Epoch 64 - loss: -0.89358 - dice: 0.89358 - val_loss: -0.41516 - val_dice: 0.41516.
2019-03-28 11:49:54.090 INFO : Trainer.py : Line 69 :         on_epoch_end() : Epoch 65 - loss: -0.89136 - dice: 0.89136 - val_loss: -0.48781 - val_dice: 0.48781.
2019-03-28 11:50:58.201 INFO : Trainer.py : Line 69 :         on_epoch_end() : Epoch 66 - loss: -0.89332 - dice: 0.89332 - val_loss: -0.46566 - val_dice: 0.46566.
2019-03-28 11:51:48.180 INFO : Trainer.py : Line 69 :         on_epoch_end() : Epoch 67 - loss: -0.88244 - dice: 0.88244 - val_loss: -0.49740 - val_dice: 0.49740.
2019-03-28 11:52:41.352 INFO : Trainer.py : Line 69 :         on_epoch_end() : Epoch 68 - loss: -0.89037 - dice: 0.89037 - val_loss: -0.43360 - val_dice: 0.43360.
2019-03-28 11:53:40.927 INFO : Trainer.py : Line 69 :         on_epoch_end() : Epoch 69 - loss: -0.89761 - dice: 0.89761 - val_loss: -0.42361 - val_dice: 0.42361.
2019-03-28 11:54:37.422 INFO : Trainer.py : Line 69 :         on_epoch_end() : Epoch 70 - loss: -0.89324 - dice: 0.89324 - val_loss: -0.44508 - val_dice: 0.44508.
2019-03-28 11:55:34.996 INFO : Trainer.py : Line 69 :         on_epoch_end() : Epoch 71 - loss: -0.89511 - dice: 0.89511 - val_loss: -0.44557 - val_dice: 0.44557.
2019-03-28 11:56:28.695 INFO : Trainer.py : Line 69 :         on_epoch_end() : Epoch 72 - loss: -0.89483 - dice: 0.89483 - val_loss: -0.46384 - val_dice: 0.46384.
2019-03-28 11:57:24.093 INFO : Trainer.py : Line 69 :         on_epoch_end() : Epoch 73 - loss: -0.89813 - dice: 0.89813 - val_loss: -0.40709 - val_dice: 0.40709.
2019-03-28 11:58:19.133 INFO : Trainer.py : Line 69 :         on_epoch_end() : Epoch 74 - loss: -0.89829 - dice: 0.89829 - val_loss: -0.47648 - val_dice: 0.47648.
2019-03-28 11:59:18.489 INFO : Trainer.py : Line 69 :         on_epoch_end() : Epoch 75 - loss: -0.90045 - dice: 0.90045 - val_loss: -0.42526 - val_dice: 0.42526.
2019-03-28 12:00:11.690 INFO : Trainer.py : Line 69 :         on_epoch_end() : Epoch 76 - loss: -0.90346 - dice: 0.90346 - val_loss: -0.38819 - val_dice: 0.38819.
2019-03-28 12:01:06.376 INFO : Trainer.py : Line 69 :         on_epoch_end() : Epoch 77 - loss: -0.89940 - dice: 0.89940 - val_loss: -0.38182 - val_dice: 0.38182.
2019-03-28 12:02:07.174 INFO : Trainer.py : Line 69 :         on_epoch_end() : Epoch 78 - loss: -0.90209 - dice: 0.90209 - val_loss: -0.44425 - val_dice: 0.44425.
2019-03-28 12:03:07.431 INFO : Trainer.py : Line 69 :         on_epoch_end() : Epoch 79 - loss: -0.89875 - dice: 0.89875 - val_loss: -0.43739 - val_dice: 0.43739.
2019-03-28 12:03:55.923 INFO : Trainer.py : Line 69 :         on_epoch_end() : Epoch 80 - loss: -0.90410 - dice: 0.90410 - val_loss: -0.47682 - val_dice: 0.47682.
2019-03-28 12:04:46.324 INFO : Trainer.py : Line 69 :         on_epoch_end() : Epoch 81 - loss: -0.89969 - dice: 0.89969 - val_loss: -0.50715 - val_dice: 0.50715.
2019-03-28 12:05:52.893 INFO : Trainer.py : Line 69 :         on_epoch_end() : Epoch 82 - loss: -0.89897 - dice: 0.89897 - val_loss: -0.32250 - val_dice: 0.32250.
2019-03-28 12:06:47.589 INFO : Trainer.py : Line 69 :         on_epoch_end() : Epoch 83 - loss: -0.89757 - dice: 0.89757 - val_loss: -0.38664 - val_dice: 0.38664.
2019-03-28 12:07:40.160 INFO : Trainer.py : Line 69 :         on_epoch_end() : Epoch 84 - loss: -0.90420 - dice: 0.90420 - val_loss: -0.44144 - val_dice: 0.44144.
2019-03-28 12:08:38.675 INFO : Trainer.py : Line 69 :         on_epoch_end() : Epoch 85 - loss: -0.90747 - dice: 0.90747 - val_loss: -0.40253 - val_dice: 0.40253.
2019-03-28 12:09:32.976 INFO : Trainer.py : Line 69 :         on_epoch_end() : Epoch 86 - loss: -0.90610 - dice: 0.90610 - val_loss: -0.40050 - val_dice: 0.40050.
2019-03-28 12:10:28.083 INFO : Trainer.py : Line 69 :         on_epoch_end() : Epoch 87 - loss: -0.90868 - dice: 0.90868 - val_loss: -0.38496 - val_dice: 0.38496.
2019-03-28 12:11:29.044 INFO : Trainer.py : Line 69 :         on_epoch_end() : Epoch 88 - loss: -0.91148 - dice: 0.91148 - val_loss: -0.35141 - val_dice: 0.35141.
2019-03-28 12:12:25.563 INFO : Trainer.py : Line 69 :         on_epoch_end() : Epoch 89 - loss: -0.90585 - dice: 0.90585 - val_loss: -0.33765 - val_dice: 0.33765.
2019-03-28 12:13:15.790 INFO : Trainer.py : Line 69 :         on_epoch_end() : Epoch 90 - loss: -0.90859 - dice: 0.90859 - val_loss: -0.44866 - val_dice: 0.44866.
2019-03-28 12:14:15.126 INFO : Trainer.py : Line 69 :         on_epoch_end() : Epoch 91 - loss: -0.91146 - dice: 0.91146 - val_loss: -0.41793 - val_dice: 0.41793.
2019-03-28 12:15:17.755 INFO : Trainer.py : Line 69 :         on_epoch_end() : Epoch 92 - loss: -0.90882 - dice: 0.90882 - val_loss: -0.42640 - val_dice: 0.42640.
2019-03-28 12:16:16.321 INFO : Trainer.py : Line 69 :         on_epoch_end() : Epoch 93 - loss: -0.90945 - dice: 0.90945 - val_loss: -0.51212 - val_dice: 0.51212.
2019-03-28 12:17:07.910 INFO : Trainer.py : Line 69 :         on_epoch_end() : Epoch 94 - loss: -0.90442 - dice: 0.90442 - val_loss: -0.37665 - val_dice: 0.37665.
2019-03-28 12:18:03.255 INFO : Trainer.py : Line 69 :         on_epoch_end() : Epoch 95 - loss: -0.90820 - dice: 0.90820 - val_loss: -0.36361 - val_dice: 0.36361.
2019-03-28 12:18:55.402 INFO : Trainer.py : Line 69 :         on_epoch_end() : Epoch 96 - loss: -0.90727 - dice: 0.90727 - val_loss: -0.38126 - val_dice: 0.38126.
2019-03-28 12:19:56.325 INFO : Trainer.py : Line 69 :         on_epoch_end() : Epoch 97 - loss: -0.90848 - dice: 0.90848 - val_loss: -0.46306 - val_dice: 0.46306.
2019-03-28 12:20:52.533 INFO : Trainer.py : Line 69 :         on_epoch_end() : Epoch 98 - loss: -0.91242 - dice: 0.91242 - val_loss: -0.43584 - val_dice: 0.43584.
2019-03-28 12:21:50.648 INFO : Trainer.py : Line 69 :         on_epoch_end() : Epoch 99 - loss: -0.91540 - dice: 0.91540 - val_loss: -0.42565 - val_dice: 0.42565.
2019-03-28 12:21:57.680 INFO : Trainer.py : Line 468 :                train() : training completed for this set of parameters.
2019-03-28 12:21:57.707 INFO : Trainer.py : Line 267 : save_training_history() : history was saved successfully to ../TrainOutput/2019-03-27-15-51/UNet_02_True_True/training_history_UNet_02_True_True.csv
2019-03-28 12:21:57.707 INFO : Trainer.py : Line 473 :                train() : ../TrainOutput/2019-03-27-15-51/UNet_02_True_True/model_json_UNet_02_True_True.json is successfully saved.
2019-03-28 12:21:57.708 INFO : Trainer.py : Line 475 :                train() : ../TrainOutput/2019-03-27-15-51/UNet_02_True_True/training_history_UNet_02_True_True.csv is successfully saved.
