2019-03-29 00:54:58.448 INFO : Trainer.py : Line 316 :                train() : model parameters are: 
2019-03-29 00:54:58.449 INFO : Trainer.py : Line 317 :                train() : augment_training     True
batch_size             45
epochs                100
model_type           UNet
train_faction           1
train_fraction        0.4
with_fake           False
Name: 11, dtype: object
2019-03-29 00:54:58.455 INFO : Trainer.py : Line 252 :      build_filenames() : model json file is ../TrainOutput/2019-03-27-15-51/UNet_04_False_True/model_json_UNet_04_False_True.json
2019-03-29 00:54:58.455 INFO : Trainer.py : Line 254 :      build_filenames() : model weights file is ../TrainOutput/2019-03-27-15-51/UNet_04_False_True/UNet_04_False_True
2019-03-29 00:54:58.455 INFO : Trainer.py : Line 256 :      build_filenames() : training history file is ../TrainOutput/2019-03-27-15-51/UNet_04_False_True/training_history_UNet_04_False_True.csv
2019-03-29 00:54:58.455 INFO : Trainer.py : Line 324 :                train() : model parameters number 11 of RangeIndex(start=0, stop=70, step=1)
2019-03-29 00:54:58.775 INFO : Trainer.py : Line 414 :                train() : model has been built successfully
2019-03-29 00:55:06.037 INFO : Trainer.py : Line 445 :                train() : training started
2019-03-29 00:55:06.043 INFO : Trainer.py : Line 282 :   save_model_to_json() : model saved successfully to ../TrainOutput/2019-03-27-15-51/UNet_04_False_True/model_json_UNet_04_False_True.json
2019-03-29 00:57:39.628 INFO : Trainer.py : Line 69 :         on_epoch_end() : Epoch 0 - loss: -0.10980 - dice: 0.10980 - val_loss: -0.29338 - val_dice: 0.29338.
2019-03-29 00:58:35.807 INFO : Trainer.py : Line 69 :         on_epoch_end() : Epoch 1 - loss: -0.40730 - dice: 0.40730 - val_loss: -0.39214 - val_dice: 0.39214.
2019-03-29 00:59:56.432 INFO : Trainer.py : Line 69 :         on_epoch_end() : Epoch 2 - loss: -0.47359 - dice: 0.47359 - val_loss: -0.43619 - val_dice: 0.43619.
2019-03-29 01:01:20.977 INFO : Trainer.py : Line 69 :         on_epoch_end() : Epoch 3 - loss: -0.48135 - dice: 0.48135 - val_loss: -0.43147 - val_dice: 0.43147.
2019-03-29 01:02:44.978 INFO : Trainer.py : Line 69 :         on_epoch_end() : Epoch 4 - loss: -0.51933 - dice: 0.51933 - val_loss: -0.45958 - val_dice: 0.45958.
2019-03-29 01:03:53.530 INFO : Trainer.py : Line 69 :         on_epoch_end() : Epoch 5 - loss: -0.52446 - dice: 0.52446 - val_loss: -0.44294 - val_dice: 0.44294.
2019-03-29 01:05:22.646 INFO : Trainer.py : Line 69 :         on_epoch_end() : Epoch 6 - loss: -0.52888 - dice: 0.52888 - val_loss: -0.52016 - val_dice: 0.52016.
2019-03-29 01:06:54.867 INFO : Trainer.py : Line 69 :         on_epoch_end() : Epoch 7 - loss: -0.57213 - dice: 0.57213 - val_loss: -0.53610 - val_dice: 0.53610.
2019-03-29 01:08:01.670 INFO : Trainer.py : Line 69 :         on_epoch_end() : Epoch 8 - loss: -0.57633 - dice: 0.57633 - val_loss: -0.49560 - val_dice: 0.49560.
2019-03-29 01:09:32.041 INFO : Trainer.py : Line 69 :         on_epoch_end() : Epoch 9 - loss: -0.58560 - dice: 0.58560 - val_loss: -0.45827 - val_dice: 0.45827.
2019-03-29 01:10:50.695 INFO : Trainer.py : Line 69 :         on_epoch_end() : Epoch 10 - loss: -0.59848 - dice: 0.59848 - val_loss: -0.45734 - val_dice: 0.45734.
2019-03-29 01:11:59.975 INFO : Trainer.py : Line 69 :         on_epoch_end() : Epoch 11 - loss: -0.62113 - dice: 0.62113 - val_loss: -0.45774 - val_dice: 0.45774.
2019-03-29 01:13:18.316 INFO : Trainer.py : Line 69 :         on_epoch_end() : Epoch 12 - loss: -0.61826 - dice: 0.61826 - val_loss: -0.49679 - val_dice: 0.49679.
2019-03-29 01:14:37.723 INFO : Trainer.py : Line 69 :         on_epoch_end() : Epoch 13 - loss: -0.64192 - dice: 0.64192 - val_loss: -0.51053 - val_dice: 0.51053.
2019-03-29 01:16:09.950 INFO : Trainer.py : Line 69 :         on_epoch_end() : Epoch 14 - loss: -0.63465 - dice: 0.63465 - val_loss: -0.47947 - val_dice: 0.47947.
2019-03-29 01:17:18.314 INFO : Trainer.py : Line 69 :         on_epoch_end() : Epoch 15 - loss: -0.65235 - dice: 0.65235 - val_loss: -0.46373 - val_dice: 0.46373.
2019-03-29 01:18:52.348 INFO : Trainer.py : Line 69 :         on_epoch_end() : Epoch 16 - loss: -0.67422 - dice: 0.67422 - val_loss: -0.41609 - val_dice: 0.41609.
2019-03-29 01:20:07.327 INFO : Trainer.py : Line 69 :         on_epoch_end() : Epoch 17 - loss: -0.67969 - dice: 0.67969 - val_loss: -0.48281 - val_dice: 0.48281.
2019-03-29 01:21:14.698 INFO : Trainer.py : Line 69 :         on_epoch_end() : Epoch 18 - loss: -0.67964 - dice: 0.67964 - val_loss: -0.45585 - val_dice: 0.45585.
2019-03-29 01:23:25.217 INFO : Trainer.py : Line 69 :         on_epoch_end() : Epoch 19 - loss: -0.68827 - dice: 0.68827 - val_loss: -0.52799 - val_dice: 0.52799.
2019-03-29 01:24:21.363 INFO : Trainer.py : Line 69 :         on_epoch_end() : Epoch 20 - loss: -0.70376 - dice: 0.70376 - val_loss: -0.45585 - val_dice: 0.45585.
2019-03-29 01:25:43.283 INFO : Trainer.py : Line 69 :         on_epoch_end() : Epoch 21 - loss: -0.70145 - dice: 0.70145 - val_loss: -0.48796 - val_dice: 0.48796.
2019-03-29 01:26:58.859 INFO : Trainer.py : Line 69 :         on_epoch_end() : Epoch 22 - loss: -0.72382 - dice: 0.72382 - val_loss: -0.49038 - val_dice: 0.49038.
2019-03-29 01:28:30.658 INFO : Trainer.py : Line 69 :         on_epoch_end() : Epoch 23 - loss: -0.73054 - dice: 0.73054 - val_loss: -0.45914 - val_dice: 0.45914.
2019-03-29 01:29:39.619 INFO : Trainer.py : Line 69 :         on_epoch_end() : Epoch 24 - loss: -0.70742 - dice: 0.70742 - val_loss: -0.47647 - val_dice: 0.47647.
2019-03-29 01:31:10.712 INFO : Trainer.py : Line 69 :         on_epoch_end() : Epoch 25 - loss: -0.74273 - dice: 0.74273 - val_loss: -0.38499 - val_dice: 0.38499.
2019-03-29 01:32:37.026 INFO : Trainer.py : Line 69 :         on_epoch_end() : Epoch 26 - loss: -0.74124 - dice: 0.74124 - val_loss: -0.38622 - val_dice: 0.38622.
2019-03-29 01:33:54.485 INFO : Trainer.py : Line 69 :         on_epoch_end() : Epoch 27 - loss: -0.74676 - dice: 0.74676 - val_loss: -0.48935 - val_dice: 0.48935.
2019-03-29 01:34:57.377 INFO : Trainer.py : Line 69 :         on_epoch_end() : Epoch 28 - loss: -0.74734 - dice: 0.74734 - val_loss: -0.50718 - val_dice: 0.50718.
2019-03-29 01:36:26.909 INFO : Trainer.py : Line 69 :         on_epoch_end() : Epoch 29 - loss: -0.75683 - dice: 0.75683 - val_loss: -0.42149 - val_dice: 0.42149.
2019-03-29 01:37:52.936 INFO : Trainer.py : Line 69 :         on_epoch_end() : Epoch 30 - loss: -0.77410 - dice: 0.77410 - val_loss: -0.39283 - val_dice: 0.39283.
2019-03-29 01:39:07.263 INFO : Trainer.py : Line 69 :         on_epoch_end() : Epoch 31 - loss: -0.78051 - dice: 0.78051 - val_loss: -0.37369 - val_dice: 0.37369.
2019-03-29 01:40:26.319 INFO : Trainer.py : Line 69 :         on_epoch_end() : Epoch 32 - loss: -0.78343 - dice: 0.78343 - val_loss: -0.37903 - val_dice: 0.37903.
2019-03-29 01:41:46.906 INFO : Trainer.py : Line 69 :         on_epoch_end() : Epoch 33 - loss: -0.79559 - dice: 0.79559 - val_loss: -0.43573 - val_dice: 0.43573.
2019-03-29 01:42:54.783 INFO : Trainer.py : Line 69 :         on_epoch_end() : Epoch 34 - loss: -0.79304 - dice: 0.79304 - val_loss: -0.44279 - val_dice: 0.44279.
2019-03-29 01:44:32.271 INFO : Trainer.py : Line 69 :         on_epoch_end() : Epoch 35 - loss: -0.80530 - dice: 0.80530 - val_loss: -0.48539 - val_dice: 0.48539.
2019-03-29 01:45:55.247 INFO : Trainer.py : Line 69 :         on_epoch_end() : Epoch 36 - loss: -0.80867 - dice: 0.80867 - val_loss: -0.40936 - val_dice: 0.40936.
2019-03-29 01:47:16.579 INFO : Trainer.py : Line 69 :         on_epoch_end() : Epoch 37 - loss: -0.79552 - dice: 0.79552 - val_loss: -0.37015 - val_dice: 0.37015.
2019-03-29 01:48:31.383 INFO : Trainer.py : Line 69 :         on_epoch_end() : Epoch 38 - loss: -0.79620 - dice: 0.79620 - val_loss: -0.46631 - val_dice: 0.46631.
2019-03-29 01:50:08.261 INFO : Trainer.py : Line 69 :         on_epoch_end() : Epoch 39 - loss: -0.79717 - dice: 0.79717 - val_loss: -0.42861 - val_dice: 0.42861.
2019-03-29 01:51:11.533 INFO : Trainer.py : Line 69 :         on_epoch_end() : Epoch 40 - loss: -0.81184 - dice: 0.81184 - val_loss: -0.42459 - val_dice: 0.42459.
2019-03-29 01:52:28.558 INFO : Trainer.py : Line 69 :         on_epoch_end() : Epoch 41 - loss: -0.82462 - dice: 0.82462 - val_loss: -0.48160 - val_dice: 0.48160.
2019-03-29 01:54:01.662 INFO : Trainer.py : Line 69 :         on_epoch_end() : Epoch 42 - loss: -0.81760 - dice: 0.81760 - val_loss: -0.48761 - val_dice: 0.48761.
2019-03-29 01:55:07.261 INFO : Trainer.py : Line 69 :         on_epoch_end() : Epoch 43 - loss: -0.82832 - dice: 0.82832 - val_loss: -0.47982 - val_dice: 0.47982.
2019-03-29 01:56:14.623 INFO : Trainer.py : Line 69 :         on_epoch_end() : Epoch 44 - loss: -0.81394 - dice: 0.81394 - val_loss: -0.39916 - val_dice: 0.39916.
2019-03-29 01:57:50.374 INFO : Trainer.py : Line 69 :         on_epoch_end() : Epoch 45 - loss: -0.82265 - dice: 0.82265 - val_loss: -0.37673 - val_dice: 0.37673.
2019-03-29 01:59:05.585 INFO : Trainer.py : Line 69 :         on_epoch_end() : Epoch 46 - loss: -0.83267 - dice: 0.83267 - val_loss: -0.41271 - val_dice: 0.41271.
2019-03-29 02:00:31.209 INFO : Trainer.py : Line 69 :         on_epoch_end() : Epoch 47 - loss: -0.83763 - dice: 0.83763 - val_loss: -0.41830 - val_dice: 0.41830.
2019-03-29 02:01:56.250 INFO : Trainer.py : Line 69 :         on_epoch_end() : Epoch 48 - loss: -0.84735 - dice: 0.84735 - val_loss: -0.37465 - val_dice: 0.37465.
2019-03-29 02:03:11.522 INFO : Trainer.py : Line 69 :         on_epoch_end() : Epoch 49 - loss: -0.84964 - dice: 0.84964 - val_loss: -0.43400 - val_dice: 0.43400.
2019-03-29 02:04:32.319 INFO : Trainer.py : Line 69 :         on_epoch_end() : Epoch 50 - loss: -0.85611 - dice: 0.85611 - val_loss: -0.43846 - val_dice: 0.43846.
2019-03-29 02:05:48.414 INFO : Trainer.py : Line 69 :         on_epoch_end() : Epoch 51 - loss: -0.84266 - dice: 0.84266 - val_loss: -0.45282 - val_dice: 0.45282.
2019-03-29 02:07:21.993 INFO : Trainer.py : Line 69 :         on_epoch_end() : Epoch 52 - loss: -0.85262 - dice: 0.85262 - val_loss: -0.43406 - val_dice: 0.43406.
2019-03-29 02:08:38.050 INFO : Trainer.py : Line 69 :         on_epoch_end() : Epoch 53 - loss: -0.85654 - dice: 0.85654 - val_loss: -0.42351 - val_dice: 0.42351.
2019-03-29 02:09:54.762 INFO : Trainer.py : Line 69 :         on_epoch_end() : Epoch 54 - loss: -0.85460 - dice: 0.85460 - val_loss: -0.40118 - val_dice: 0.40118.
2019-03-29 02:10:55.074 INFO : Trainer.py : Line 69 :         on_epoch_end() : Epoch 55 - loss: -0.86145 - dice: 0.86145 - val_loss: -0.48687 - val_dice: 0.48687.
2019-03-29 02:12:39.790 INFO : Trainer.py : Line 69 :         on_epoch_end() : Epoch 56 - loss: -0.85154 - dice: 0.85154 - val_loss: -0.42330 - val_dice: 0.42330.
2019-03-29 02:13:48.888 INFO : Trainer.py : Line 69 :         on_epoch_end() : Epoch 57 - loss: -0.85140 - dice: 0.85140 - val_loss: -0.42966 - val_dice: 0.42966.
2019-03-29 02:15:14.092 INFO : Trainer.py : Line 69 :         on_epoch_end() : Epoch 58 - loss: -0.86205 - dice: 0.86205 - val_loss: -0.40869 - val_dice: 0.40869.
2019-03-29 02:16:41.722 INFO : Trainer.py : Line 69 :         on_epoch_end() : Epoch 59 - loss: -0.85991 - dice: 0.85991 - val_loss: -0.45160 - val_dice: 0.45160.
2019-03-29 02:17:40.558 INFO : Trainer.py : Line 69 :         on_epoch_end() : Epoch 60 - loss: -0.87185 - dice: 0.87185 - val_loss: -0.42863 - val_dice: 0.42863.
2019-03-29 02:18:51.403 INFO : Trainer.py : Line 69 :         on_epoch_end() : Epoch 61 - loss: -0.87079 - dice: 0.87079 - val_loss: -0.43530 - val_dice: 0.43530.
2019-03-29 02:20:26.924 INFO : Trainer.py : Line 69 :         on_epoch_end() : Epoch 62 - loss: -0.86645 - dice: 0.86645 - val_loss: -0.39396 - val_dice: 0.39396.
2019-03-29 02:21:52.592 INFO : Trainer.py : Line 69 :         on_epoch_end() : Epoch 63 - loss: -0.87147 - dice: 0.87147 - val_loss: -0.45059 - val_dice: 0.45059.
2019-03-29 02:23:01.571 INFO : Trainer.py : Line 69 :         on_epoch_end() : Epoch 64 - loss: -0.87141 - dice: 0.87141 - val_loss: -0.35309 - val_dice: 0.35309.
2019-03-29 02:24:25.698 INFO : Trainer.py : Line 69 :         on_epoch_end() : Epoch 65 - loss: -0.86371 - dice: 0.86371 - val_loss: -0.41085 - val_dice: 0.41085.
2019-03-29 02:25:36.405 INFO : Trainer.py : Line 69 :         on_epoch_end() : Epoch 66 - loss: -0.86720 - dice: 0.86720 - val_loss: -0.46762 - val_dice: 0.46762.
2019-03-29 02:26:51.715 INFO : Trainer.py : Line 69 :         on_epoch_end() : Epoch 67 - loss: -0.87370 - dice: 0.87370 - val_loss: -0.45725 - val_dice: 0.45725.
2019-03-29 02:28:23.468 INFO : Trainer.py : Line 69 :         on_epoch_end() : Epoch 68 - loss: -0.88057 - dice: 0.88057 - val_loss: -0.47100 - val_dice: 0.47100.
2019-03-29 02:29:30.418 INFO : Trainer.py : Line 69 :         on_epoch_end() : Epoch 69 - loss: -0.88473 - dice: 0.88473 - val_loss: -0.47914 - val_dice: 0.47914.
2019-03-29 02:30:53.204 INFO : Trainer.py : Line 69 :         on_epoch_end() : Epoch 70 - loss: -0.88243 - dice: 0.88243 - val_loss: -0.38016 - val_dice: 0.38016.
2019-03-29 02:32:08.237 INFO : Trainer.py : Line 69 :         on_epoch_end() : Epoch 71 - loss: -0.87194 - dice: 0.87194 - val_loss: -0.42467 - val_dice: 0.42467.
2019-03-29 02:33:24.877 INFO : Trainer.py : Line 69 :         on_epoch_end() : Epoch 72 - loss: -0.87794 - dice: 0.87794 - val_loss: -0.49039 - val_dice: 0.49039.
2019-03-29 02:34:49.970 INFO : Trainer.py : Line 69 :         on_epoch_end() : Epoch 73 - loss: -0.87795 - dice: 0.87795 - val_loss: -0.42291 - val_dice: 0.42291.
2019-03-29 02:35:53.420 INFO : Trainer.py : Line 69 :         on_epoch_end() : Epoch 74 - loss: -0.88172 - dice: 0.88172 - val_loss: -0.46606 - val_dice: 0.46606.
2019-03-29 02:37:13.426 INFO : Trainer.py : Line 69 :         on_epoch_end() : Epoch 75 - loss: -0.87600 - dice: 0.87600 - val_loss: -0.49342 - val_dice: 0.49342.
2019-03-29 02:38:23.417 INFO : Trainer.py : Line 69 :         on_epoch_end() : Epoch 76 - loss: -0.87517 - dice: 0.87517 - val_loss: -0.45709 - val_dice: 0.45709.
2019-03-29 02:39:38.275 INFO : Trainer.py : Line 69 :         on_epoch_end() : Epoch 77 - loss: -0.88238 - dice: 0.88238 - val_loss: -0.40744 - val_dice: 0.40744.
2019-03-29 02:41:09.695 INFO : Trainer.py : Line 69 :         on_epoch_end() : Epoch 78 - loss: -0.88338 - dice: 0.88338 - val_loss: -0.43940 - val_dice: 0.43940.
2019-03-29 02:42:35.802 INFO : Trainer.py : Line 69 :         on_epoch_end() : Epoch 79 - loss: -0.88275 - dice: 0.88275 - val_loss: -0.39818 - val_dice: 0.39818.
2019-03-29 02:43:38.571 INFO : Trainer.py : Line 69 :         on_epoch_end() : Epoch 80 - loss: -0.87757 - dice: 0.87757 - val_loss: -0.43443 - val_dice: 0.43443.
2019-03-29 02:44:43.155 INFO : Trainer.py : Line 69 :         on_epoch_end() : Epoch 81 - loss: -0.89528 - dice: 0.89528 - val_loss: -0.40139 - val_dice: 0.40139.
2019-03-29 02:46:00.965 INFO : Trainer.py : Line 69 :         on_epoch_end() : Epoch 82 - loss: -0.88756 - dice: 0.88756 - val_loss: -0.47714 - val_dice: 0.47714.
2019-03-29 02:47:29.595 INFO : Trainer.py : Line 69 :         on_epoch_end() : Epoch 83 - loss: -0.88820 - dice: 0.88820 - val_loss: -0.43152 - val_dice: 0.43152.
2019-03-29 02:48:38.641 INFO : Trainer.py : Line 69 :         on_epoch_end() : Epoch 84 - loss: -0.88897 - dice: 0.88897 - val_loss: -0.44935 - val_dice: 0.44935.
2019-03-29 02:49:58.717 INFO : Trainer.py : Line 69 :         on_epoch_end() : Epoch 85 - loss: -0.88973 - dice: 0.88973 - val_loss: -0.44419 - val_dice: 0.44419.
2019-03-29 02:51:04.823 INFO : Trainer.py : Line 69 :         on_epoch_end() : Epoch 86 - loss: -0.89222 - dice: 0.89222 - val_loss: -0.48049 - val_dice: 0.48049.
2019-03-29 02:52:29.540 INFO : Trainer.py : Line 69 :         on_epoch_end() : Epoch 87 - loss: -0.89369 - dice: 0.89369 - val_loss: -0.40500 - val_dice: 0.40500.
2019-03-29 02:53:59.305 INFO : Trainer.py : Line 69 :         on_epoch_end() : Epoch 88 - loss: -0.88644 - dice: 0.88644 - val_loss: -0.34797 - val_dice: 0.34797.
2019-03-29 02:55:03.782 INFO : Trainer.py : Line 69 :         on_epoch_end() : Epoch 89 - loss: -0.88540 - dice: 0.88540 - val_loss: -0.40678 - val_dice: 0.40678.
2019-03-29 02:56:27.281 INFO : Trainer.py : Line 69 :         on_epoch_end() : Epoch 90 - loss: -0.89835 - dice: 0.89835 - val_loss: -0.43177 - val_dice: 0.43177.
2019-03-29 02:57:36.551 INFO : Trainer.py : Line 69 :         on_epoch_end() : Epoch 91 - loss: -0.89779 - dice: 0.89779 - val_loss: -0.42230 - val_dice: 0.42230.
2019-03-29 02:58:46.461 INFO : Trainer.py : Line 69 :         on_epoch_end() : Epoch 92 - loss: -0.89058 - dice: 0.89058 - val_loss: -0.45951 - val_dice: 0.45951.
2019-03-29 03:00:06.841 INFO : Trainer.py : Line 69 :         on_epoch_end() : Epoch 93 - loss: -0.89303 - dice: 0.89303 - val_loss: -0.44632 - val_dice: 0.44632.
2019-03-29 03:01:31.148 INFO : Trainer.py : Line 69 :         on_epoch_end() : Epoch 94 - loss: -0.89983 - dice: 0.89983 - val_loss: -0.43703 - val_dice: 0.43703.
2019-03-29 03:02:47.151 INFO : Trainer.py : Line 69 :         on_epoch_end() : Epoch 95 - loss: -0.89790 - dice: 0.89790 - val_loss: -0.42215 - val_dice: 0.42215.
2019-03-29 03:03:54.745 INFO : Trainer.py : Line 69 :         on_epoch_end() : Epoch 96 - loss: -0.89979 - dice: 0.89979 - val_loss: -0.43322 - val_dice: 0.43322.
2019-03-29 03:05:04.551 INFO : Trainer.py : Line 69 :         on_epoch_end() : Epoch 97 - loss: -0.90018 - dice: 0.90018 - val_loss: -0.47481 - val_dice: 0.47481.
2019-03-29 03:06:26.372 INFO : Trainer.py : Line 69 :         on_epoch_end() : Epoch 98 - loss: -0.90255 - dice: 0.90255 - val_loss: -0.49198 - val_dice: 0.49198.
2019-03-29 03:07:39.935 INFO : Trainer.py : Line 69 :         on_epoch_end() : Epoch 99 - loss: -0.89937 - dice: 0.89937 - val_loss: -0.44939 - val_dice: 0.44939.
2019-03-29 03:08:01.046 INFO : Trainer.py : Line 468 :                train() : training completed for this set of parameters.
2019-03-29 03:08:01.124 INFO : Trainer.py : Line 267 : save_training_history() : history was saved successfully to ../TrainOutput/2019-03-27-15-51/UNet_04_False_True/training_history_UNet_04_False_True.csv
2019-03-29 03:08:01.125 INFO : Trainer.py : Line 473 :                train() : ../TrainOutput/2019-03-27-15-51/UNet_04_False_True/model_json_UNet_04_False_True.json is successfully saved.
2019-03-29 03:08:01.125 INFO : Trainer.py : Line 475 :                train() : ../TrainOutput/2019-03-27-15-51/UNet_04_False_True/training_history_UNet_04_False_True.csv is successfully saved.
