2019-03-28 03:09:58.517 INFO : Trainer.py : Line 316 :                train() : model parameters are: 
2019-03-28 03:09:58.518 INFO : Trainer.py : Line 317 :                train() : augment_training    True
batch_size            45
epochs               100
model_type          UNet
train_faction          1
train_fraction       0.5
with_fake           True
Name: 3, dtype: object
2019-03-28 03:09:58.523 INFO : Trainer.py : Line 252 :      build_filenames() : model json file is ../TrainOutput/2019-03-27-15-51/UNet_05_True_True/model_json_UNet_05_True_True.json
2019-03-28 03:09:58.523 INFO : Trainer.py : Line 254 :      build_filenames() : model weights file is ../TrainOutput/2019-03-27-15-51/UNet_05_True_True/UNet_05_True_True
2019-03-28 03:09:58.523 INFO : Trainer.py : Line 256 :      build_filenames() : training history file is ../TrainOutput/2019-03-27-15-51/UNet_05_True_True/training_history_UNet_05_True_True.csv
2019-03-28 03:09:58.523 INFO : Trainer.py : Line 324 :                train() : model parameters number 3 of RangeIndex(start=0, stop=70, step=1)
2019-03-28 03:09:59.565 INFO : Trainer.py : Line 414 :                train() : model has been built successfully
2019-03-28 03:10:03.518 INFO : Trainer.py : Line 445 :                train() : training started
2019-03-28 03:10:03.529 INFO : Trainer.py : Line 282 :   save_model_to_json() : model saved successfully to ../TrainOutput/2019-03-27-15-51/UNet_05_True_True/model_json_UNet_05_True_True.json
2019-03-28 03:12:31.369 INFO : Trainer.py : Line 69 :         on_epoch_end() : Epoch 0 - loss: -0.06225 - dice: 0.06225 - val_loss: -0.00000 - val_dice: 0.00000.
2019-03-28 03:14:21.177 INFO : Trainer.py : Line 69 :         on_epoch_end() : Epoch 1 - loss: -0.00000 - dice: 0.00000 - val_loss: -0.00000 - val_dice: 0.00000.
2019-03-28 03:16:02.536 INFO : Trainer.py : Line 69 :         on_epoch_end() : Epoch 2 - loss: -0.00000 - dice: 0.00000 - val_loss: -0.00000 - val_dice: 0.00000.
2019-03-28 03:17:49.273 INFO : Trainer.py : Line 69 :         on_epoch_end() : Epoch 3 - loss: -0.00000 - dice: 0.00000 - val_loss: -0.00000 - val_dice: 0.00000.
2019-03-28 03:19:35.223 INFO : Trainer.py : Line 69 :         on_epoch_end() : Epoch 4 - loss: -0.00000 - dice: 0.00000 - val_loss: -0.00000 - val_dice: 0.00000.
2019-03-28 03:21:14.362 INFO : Trainer.py : Line 69 :         on_epoch_end() : Epoch 5 - loss: -0.00000 - dice: 0.00000 - val_loss: -0.00000 - val_dice: 0.00000.
2019-03-28 03:23:07.012 INFO : Trainer.py : Line 69 :         on_epoch_end() : Epoch 6 - loss: -0.00000 - dice: 0.00000 - val_loss: -0.00000 - val_dice: 0.00000.
2019-03-28 03:25:01.377 INFO : Trainer.py : Line 69 :         on_epoch_end() : Epoch 7 - loss: -0.00000 - dice: 0.00000 - val_loss: -0.00000 - val_dice: 0.00000.
2019-03-28 03:26:42.156 INFO : Trainer.py : Line 69 :         on_epoch_end() : Epoch 8 - loss: -0.00000 - dice: 0.00000 - val_loss: -0.00000 - val_dice: 0.00000.
2019-03-28 03:28:25.493 INFO : Trainer.py : Line 69 :         on_epoch_end() : Epoch 9 - loss: -0.00000 - dice: 0.00000 - val_loss: -0.00000 - val_dice: 0.00000.
2019-03-28 03:30:19.736 INFO : Trainer.py : Line 69 :         on_epoch_end() : Epoch 10 - loss: -0.00000 - dice: 0.00000 - val_loss: -0.00000 - val_dice: 0.00000.
2019-03-28 03:32:01.755 INFO : Trainer.py : Line 69 :         on_epoch_end() : Epoch 11 - loss: -0.00000 - dice: 0.00000 - val_loss: -0.00000 - val_dice: 0.00000.
2019-03-28 03:34:00.491 INFO : Trainer.py : Line 69 :         on_epoch_end() : Epoch 12 - loss: -0.00000 - dice: 0.00000 - val_loss: -0.00000 - val_dice: 0.00000.
2019-03-28 03:35:40.098 INFO : Trainer.py : Line 69 :         on_epoch_end() : Epoch 13 - loss: -0.00000 - dice: 0.00000 - val_loss: -0.00000 - val_dice: 0.00000.
2019-03-28 03:37:24.932 INFO : Trainer.py : Line 69 :         on_epoch_end() : Epoch 14 - loss: -0.00000 - dice: 0.00000 - val_loss: -0.00000 - val_dice: 0.00000.
2019-03-28 03:39:05.392 INFO : Trainer.py : Line 69 :         on_epoch_end() : Epoch 15 - loss: -0.00000 - dice: 0.00000 - val_loss: -0.00000 - val_dice: 0.00000.
2019-03-28 03:40:52.256 INFO : Trainer.py : Line 69 :         on_epoch_end() : Epoch 16 - loss: -0.00000 - dice: 0.00000 - val_loss: -0.00000 - val_dice: 0.00000.
2019-03-28 03:42:51.853 INFO : Trainer.py : Line 69 :         on_epoch_end() : Epoch 17 - loss: -0.00000 - dice: 0.00000 - val_loss: -0.00000 - val_dice: 0.00000.
2019-03-28 03:44:33.799 INFO : Trainer.py : Line 69 :         on_epoch_end() : Epoch 18 - loss: -0.00000 - dice: 0.00000 - val_loss: -0.00000 - val_dice: 0.00000.
2019-03-28 03:46:50.476 INFO : Trainer.py : Line 69 :         on_epoch_end() : Epoch 19 - loss: -0.00000 - dice: 0.00000 - val_loss: -0.00000 - val_dice: 0.00000.
2019-03-28 03:48:04.984 INFO : Trainer.py : Line 69 :         on_epoch_end() : Epoch 20 - loss: -0.00000 - dice: 0.00000 - val_loss: -0.00000 - val_dice: 0.00000.
2019-03-28 03:49:31.040 INFO : Trainer.py : Line 69 :         on_epoch_end() : Epoch 21 - loss: -0.00000 - dice: 0.00000 - val_loss: -0.00000 - val_dice: 0.00000.
2019-03-28 03:51:39.914 INFO : Trainer.py : Line 69 :         on_epoch_end() : Epoch 22 - loss: -0.00000 - dice: 0.00000 - val_loss: -0.00000 - val_dice: 0.00000.
2019-03-28 03:53:23.558 INFO : Trainer.py : Line 69 :         on_epoch_end() : Epoch 23 - loss: -0.00000 - dice: 0.00000 - val_loss: -0.00000 - val_dice: 0.00000.
2019-03-28 03:55:05.018 INFO : Trainer.py : Line 69 :         on_epoch_end() : Epoch 24 - loss: -0.00000 - dice: 0.00000 - val_loss: -0.00000 - val_dice: 0.00000.
2019-03-28 03:56:53.329 INFO : Trainer.py : Line 69 :         on_epoch_end() : Epoch 25 - loss: -0.00000 - dice: 0.00000 - val_loss: -0.00000 - val_dice: 0.00000.
2019-03-28 03:58:43.915 INFO : Trainer.py : Line 69 :         on_epoch_end() : Epoch 26 - loss: -0.00000 - dice: 0.00000 - val_loss: -0.00000 - val_dice: 0.00000.
2019-03-28 04:00:23.980 INFO : Trainer.py : Line 69 :         on_epoch_end() : Epoch 27 - loss: -0.00000 - dice: 0.00000 - val_loss: -0.00000 - val_dice: 0.00000.
2019-03-28 04:02:07.017 INFO : Trainer.py : Line 69 :         on_epoch_end() : Epoch 28 - loss: -0.00000 - dice: 0.00000 - val_loss: -0.00000 - val_dice: 0.00000.
2019-03-28 04:03:52.345 INFO : Trainer.py : Line 69 :         on_epoch_end() : Epoch 29 - loss: -0.00000 - dice: 0.00000 - val_loss: -0.00000 - val_dice: 0.00000.
2019-03-28 04:05:43.869 INFO : Trainer.py : Line 69 :         on_epoch_end() : Epoch 30 - loss: -0.00000 - dice: 0.00000 - val_loss: -0.00000 - val_dice: 0.00000.
2019-03-28 04:07:24.744 INFO : Trainer.py : Line 69 :         on_epoch_end() : Epoch 31 - loss: -0.00000 - dice: 0.00000 - val_loss: -0.00000 - val_dice: 0.00000.
2019-03-28 04:09:13.531 INFO : Trainer.py : Line 69 :         on_epoch_end() : Epoch 32 - loss: -0.00000 - dice: 0.00000 - val_loss: -0.00000 - val_dice: 0.00000.
2019-03-28 04:11:04.636 INFO : Trainer.py : Line 69 :         on_epoch_end() : Epoch 33 - loss: -0.00000 - dice: 0.00000 - val_loss: -0.00000 - val_dice: 0.00000.
2019-03-28 04:12:39.638 INFO : Trainer.py : Line 69 :         on_epoch_end() : Epoch 34 - loss: -0.00000 - dice: 0.00000 - val_loss: -0.00000 - val_dice: 0.00000.
2019-03-28 04:14:24.493 INFO : Trainer.py : Line 69 :         on_epoch_end() : Epoch 35 - loss: -0.00000 - dice: 0.00000 - val_loss: -0.00000 - val_dice: 0.00000.
2019-03-28 04:16:23.931 INFO : Trainer.py : Line 69 :         on_epoch_end() : Epoch 36 - loss: -0.00000 - dice: 0.00000 - val_loss: -0.00000 - val_dice: 0.00000.
2019-03-28 04:18:14.440 INFO : Trainer.py : Line 69 :         on_epoch_end() : Epoch 37 - loss: -0.00000 - dice: 0.00000 - val_loss: -0.00000 - val_dice: 0.00000.
2019-03-28 04:19:44.115 INFO : Trainer.py : Line 69 :         on_epoch_end() : Epoch 38 - loss: -0.00000 - dice: 0.00000 - val_loss: -0.00000 - val_dice: 0.00000.
2019-03-28 04:22:01.618 INFO : Trainer.py : Line 69 :         on_epoch_end() : Epoch 39 - loss: -0.00000 - dice: 0.00000 - val_loss: -0.00000 - val_dice: 0.00000.
2019-03-28 04:23:28.783 INFO : Trainer.py : Line 69 :         on_epoch_end() : Epoch 40 - loss: -0.00000 - dice: 0.00000 - val_loss: -0.00000 - val_dice: 0.00000.
2019-03-28 04:25:04.482 INFO : Trainer.py : Line 69 :         on_epoch_end() : Epoch 41 - loss: -0.00000 - dice: 0.00000 - val_loss: -0.00000 - val_dice: 0.00000.
2019-03-28 04:27:03.946 INFO : Trainer.py : Line 69 :         on_epoch_end() : Epoch 42 - loss: -0.00000 - dice: 0.00000 - val_loss: -0.00000 - val_dice: 0.00000.
2019-03-28 04:28:42.263 INFO : Trainer.py : Line 69 :         on_epoch_end() : Epoch 43 - loss: -0.00000 - dice: 0.00000 - val_loss: -0.00000 - val_dice: 0.00000.
2019-03-28 04:30:41.236 INFO : Trainer.py : Line 69 :         on_epoch_end() : Epoch 44 - loss: -0.00000 - dice: 0.00000 - val_loss: -0.00000 - val_dice: 0.00000.
2019-03-28 04:32:24.175 INFO : Trainer.py : Line 69 :         on_epoch_end() : Epoch 45 - loss: -0.00000 - dice: 0.00000 - val_loss: -0.00000 - val_dice: 0.00000.
2019-03-28 04:34:10.751 INFO : Trainer.py : Line 69 :         on_epoch_end() : Epoch 46 - loss: -0.00000 - dice: 0.00000 - val_loss: -0.00000 - val_dice: 0.00000.
2019-03-28 04:36:04.171 INFO : Trainer.py : Line 69 :         on_epoch_end() : Epoch 47 - loss: -0.00000 - dice: 0.00000 - val_loss: -0.00000 - val_dice: 0.00000.
2019-03-28 04:37:35.642 INFO : Trainer.py : Line 69 :         on_epoch_end() : Epoch 48 - loss: -0.00000 - dice: 0.00000 - val_loss: -0.00000 - val_dice: 0.00000.
2019-03-28 04:39:29.785 INFO : Trainer.py : Line 69 :         on_epoch_end() : Epoch 49 - loss: -0.00000 - dice: 0.00000 - val_loss: -0.00000 - val_dice: 0.00000.
2019-03-28 04:41:12.158 INFO : Trainer.py : Line 69 :         on_epoch_end() : Epoch 50 - loss: -0.00000 - dice: 0.00000 - val_loss: -0.00000 - val_dice: 0.00000.
2019-03-28 04:42:56.462 INFO : Trainer.py : Line 69 :         on_epoch_end() : Epoch 51 - loss: -0.00000 - dice: 0.00000 - val_loss: -0.00000 - val_dice: 0.00000.
2019-03-28 04:44:27.733 INFO : Trainer.py : Line 69 :         on_epoch_end() : Epoch 52 - loss: -0.00000 - dice: 0.00000 - val_loss: -0.00000 - val_dice: 0.00000.
2019-03-28 04:46:06.195 INFO : Trainer.py : Line 69 :         on_epoch_end() : Epoch 53 - loss: -0.00000 - dice: 0.00000 - val_loss: -0.00000 - val_dice: 0.00000.
2019-03-28 04:48:01.341 INFO : Trainer.py : Line 69 :         on_epoch_end() : Epoch 54 - loss: -0.00000 - dice: 0.00000 - val_loss: -0.00000 - val_dice: 0.00000.
2019-03-28 04:49:33.657 INFO : Trainer.py : Line 69 :         on_epoch_end() : Epoch 55 - loss: -0.00000 - dice: 0.00000 - val_loss: -0.00000 - val_dice: 0.00000.
2019-03-28 04:51:27.944 INFO : Trainer.py : Line 69 :         on_epoch_end() : Epoch 56 - loss: -0.00000 - dice: 0.00000 - val_loss: -0.00000 - val_dice: 0.00000.
2019-03-28 04:53:03.506 INFO : Trainer.py : Line 69 :         on_epoch_end() : Epoch 57 - loss: -0.00000 - dice: 0.00000 - val_loss: -0.00000 - val_dice: 0.00000.
2019-03-28 04:54:41.059 INFO : Trainer.py : Line 69 :         on_epoch_end() : Epoch 58 - loss: -0.00000 - dice: 0.00000 - val_loss: -0.00000 - val_dice: 0.00000.
2019-03-28 04:56:53.044 INFO : Trainer.py : Line 69 :         on_epoch_end() : Epoch 59 - loss: -0.00000 - dice: 0.00000 - val_loss: -0.00000 - val_dice: 0.00000.
2019-03-28 04:58:09.860 INFO : Trainer.py : Line 69 :         on_epoch_end() : Epoch 60 - loss: -0.00000 - dice: 0.00000 - val_loss: -0.00000 - val_dice: 0.00000.
2019-03-28 04:59:50.053 INFO : Trainer.py : Line 69 :         on_epoch_end() : Epoch 61 - loss: -0.00000 - dice: 0.00000 - val_loss: -0.00000 - val_dice: 0.00000.
2019-03-28 05:01:42.656 INFO : Trainer.py : Line 69 :         on_epoch_end() : Epoch 62 - loss: -0.00000 - dice: 0.00000 - val_loss: -0.00000 - val_dice: 0.00000.
2019-03-28 05:03:22.096 INFO : Trainer.py : Line 69 :         on_epoch_end() : Epoch 63 - loss: -0.00000 - dice: 0.00000 - val_loss: -0.00000 - val_dice: 0.00000.
2019-03-28 05:05:05.382 INFO : Trainer.py : Line 69 :         on_epoch_end() : Epoch 64 - loss: -0.00000 - dice: 0.00000 - val_loss: -0.00000 - val_dice: 0.00000.
2019-03-28 05:06:47.730 INFO : Trainer.py : Line 69 :         on_epoch_end() : Epoch 65 - loss: -0.00000 - dice: 0.00000 - val_loss: -0.00000 - val_dice: 0.00000.
2019-03-28 05:08:38.203 INFO : Trainer.py : Line 69 :         on_epoch_end() : Epoch 66 - loss: -0.00000 - dice: 0.00000 - val_loss: -0.00000 - val_dice: 0.00000.
2019-03-28 05:10:19.175 INFO : Trainer.py : Line 69 :         on_epoch_end() : Epoch 67 - loss: -0.00000 - dice: 0.00000 - val_loss: -0.00000 - val_dice: 0.00000.
2019-03-28 05:12:08.480 INFO : Trainer.py : Line 69 :         on_epoch_end() : Epoch 68 - loss: -0.00000 - dice: 0.00000 - val_loss: -0.00000 - val_dice: 0.00000.
2019-03-28 05:13:54.622 INFO : Trainer.py : Line 69 :         on_epoch_end() : Epoch 69 - loss: -0.00000 - dice: 0.00000 - val_loss: -0.00000 - val_dice: 0.00000.
2019-03-28 05:15:33.407 INFO : Trainer.py : Line 69 :         on_epoch_end() : Epoch 70 - loss: -0.00000 - dice: 0.00000 - val_loss: -0.00000 - val_dice: 0.00000.
2019-03-28 05:17:22.565 INFO : Trainer.py : Line 69 :         on_epoch_end() : Epoch 71 - loss: -0.00000 - dice: 0.00000 - val_loss: -0.00000 - val_dice: 0.00000.
2019-03-28 05:19:05.367 INFO : Trainer.py : Line 69 :         on_epoch_end() : Epoch 72 - loss: -0.00000 - dice: 0.00000 - val_loss: -0.00000 - val_dice: 0.00000.
2019-03-28 05:20:48.609 INFO : Trainer.py : Line 69 :         on_epoch_end() : Epoch 73 - loss: -0.00000 - dice: 0.00000 - val_loss: -0.00000 - val_dice: 0.00000.
2019-03-28 05:22:33.458 INFO : Trainer.py : Line 69 :         on_epoch_end() : Epoch 74 - loss: -0.00000 - dice: 0.00000 - val_loss: -0.00000 - val_dice: 0.00000.
2019-03-28 05:24:14.463 INFO : Trainer.py : Line 69 :         on_epoch_end() : Epoch 75 - loss: -0.00000 - dice: 0.00000 - val_loss: -0.00000 - val_dice: 0.00000.
2019-03-28 05:25:54.569 INFO : Trainer.py : Line 69 :         on_epoch_end() : Epoch 76 - loss: -0.00000 - dice: 0.00000 - val_loss: -0.00000 - val_dice: 0.00000.
2019-03-28 05:27:44.484 INFO : Trainer.py : Line 69 :         on_epoch_end() : Epoch 77 - loss: -0.00000 - dice: 0.00000 - val_loss: -0.00000 - val_dice: 0.00000.
2019-03-28 05:29:21.038 INFO : Trainer.py : Line 69 :         on_epoch_end() : Epoch 78 - loss: -0.00000 - dice: 0.00000 - val_loss: -0.00000 - val_dice: 0.00000.
2019-03-28 05:31:32.054 INFO : Trainer.py : Line 69 :         on_epoch_end() : Epoch 79 - loss: -0.00000 - dice: 0.00000 - val_loss: -0.00000 - val_dice: 0.00000.
2019-03-28 05:32:59.753 INFO : Trainer.py : Line 69 :         on_epoch_end() : Epoch 80 - loss: -0.00000 - dice: 0.00000 - val_loss: -0.00000 - val_dice: 0.00000.
2019-03-28 05:34:41.492 INFO : Trainer.py : Line 69 :         on_epoch_end() : Epoch 81 - loss: -0.00000 - dice: 0.00000 - val_loss: -0.00000 - val_dice: 0.00000.
2019-03-28 05:36:28.508 INFO : Trainer.py : Line 69 :         on_epoch_end() : Epoch 82 - loss: -0.00000 - dice: 0.00000 - val_loss: -0.00000 - val_dice: 0.00000.
2019-03-28 05:38:17.642 INFO : Trainer.py : Line 69 :         on_epoch_end() : Epoch 83 - loss: -0.00000 - dice: 0.00000 - val_loss: -0.00000 - val_dice: 0.00000.
2019-03-28 05:40:02.084 INFO : Trainer.py : Line 69 :         on_epoch_end() : Epoch 84 - loss: -0.00000 - dice: 0.00000 - val_loss: -0.00000 - val_dice: 0.00000.
2019-03-28 05:41:30.787 INFO : Trainer.py : Line 69 :         on_epoch_end() : Epoch 85 - loss: -0.00000 - dice: 0.00000 - val_loss: -0.00000 - val_dice: 0.00000.
2019-03-28 05:43:27.623 INFO : Trainer.py : Line 69 :         on_epoch_end() : Epoch 86 - loss: -0.00000 - dice: 0.00000 - val_loss: -0.00000 - val_dice: 0.00000.
2019-03-28 05:45:06.621 INFO : Trainer.py : Line 69 :         on_epoch_end() : Epoch 87 - loss: -0.00000 - dice: 0.00000 - val_loss: -0.00000 - val_dice: 0.00000.
2019-03-28 05:46:52.664 INFO : Trainer.py : Line 69 :         on_epoch_end() : Epoch 88 - loss: -0.00000 - dice: 0.00000 - val_loss: -0.00000 - val_dice: 0.00000.
2019-03-28 05:48:47.104 INFO : Trainer.py : Line 69 :         on_epoch_end() : Epoch 89 - loss: -0.00000 - dice: 0.00000 - val_loss: -0.00000 - val_dice: 0.00000.
2019-03-28 05:50:15.086 INFO : Trainer.py : Line 69 :         on_epoch_end() : Epoch 90 - loss: -0.00000 - dice: 0.00000 - val_loss: -0.00000 - val_dice: 0.00000.
2019-03-28 05:52:05.696 INFO : Trainer.py : Line 69 :         on_epoch_end() : Epoch 91 - loss: -0.00000 - dice: 0.00000 - val_loss: -0.00000 - val_dice: 0.00000.
2019-03-28 05:53:43.232 INFO : Trainer.py : Line 69 :         on_epoch_end() : Epoch 92 - loss: -0.00000 - dice: 0.00000 - val_loss: -0.00000 - val_dice: 0.00000.
2019-03-28 05:55:31.008 INFO : Trainer.py : Line 69 :         on_epoch_end() : Epoch 93 - loss: -0.00000 - dice: 0.00000 - val_loss: -0.00000 - val_dice: 0.00000.
2019-03-28 05:57:08.324 INFO : Trainer.py : Line 69 :         on_epoch_end() : Epoch 94 - loss: -0.00000 - dice: 0.00000 - val_loss: -0.00000 - val_dice: 0.00000.
2019-03-28 05:58:55.838 INFO : Trainer.py : Line 69 :         on_epoch_end() : Epoch 95 - loss: -0.00000 - dice: 0.00000 - val_loss: -0.00000 - val_dice: 0.00000.
2019-03-28 06:00:50.233 INFO : Trainer.py : Line 69 :         on_epoch_end() : Epoch 96 - loss: -0.00000 - dice: 0.00000 - val_loss: -0.00000 - val_dice: 0.00000.
2019-03-28 06:02:34.411 INFO : Trainer.py : Line 69 :         on_epoch_end() : Epoch 97 - loss: -0.00000 - dice: 0.00000 - val_loss: -0.00000 - val_dice: 0.00000.
2019-03-28 06:04:19.632 INFO : Trainer.py : Line 69 :         on_epoch_end() : Epoch 98 - loss: -0.00000 - dice: 0.00000 - val_loss: -0.00000 - val_dice: 0.00000.
2019-03-28 06:06:02.270 INFO : Trainer.py : Line 69 :         on_epoch_end() : Epoch 99 - loss: -0.00000 - dice: 0.00000 - val_loss: -0.00000 - val_dice: 0.00000.
2019-03-28 06:06:21.652 INFO : Trainer.py : Line 468 :                train() : training completed for this set of parameters.
2019-03-28 06:06:21.681 INFO : Trainer.py : Line 267 : save_training_history() : history was saved successfully to ../TrainOutput/2019-03-27-15-51/UNet_05_True_True/training_history_UNet_05_True_True.csv
2019-03-28 06:06:21.682 INFO : Trainer.py : Line 473 :                train() : ../TrainOutput/2019-03-27-15-51/UNet_05_True_True/model_json_UNet_05_True_True.json is successfully saved.
2019-03-28 06:06:21.682 INFO : Trainer.py : Line 475 :                train() : ../TrainOutput/2019-03-27-15-51/UNet_05_True_True/training_history_UNet_05_True_True.csv is successfully saved.
